{"/Users/mariammathew/Desktop/pjts/grocery-shopping-app/app/+html.tsx": {"path":"/Users/mariammathew/Desktop/pjts/grocery-shopping-app/app/+html.tsx","statementMap":{"0":{"start":{"line":8,"column":2},"end":{"line":27,"column":4}},"1":{"start":{"line":30,"column":29},"end":{"line":38,"column":2}}},"fnMap":{"0":{"name":"Root","decl":{"start":{"line":7,"column":24},"end":{"line":7,"column":28}},"loc":{"start":{"line":7,"column":74},"end":{"line":28,"column":1}},"line":7}},"branchMap":{},"s":{"0":0,"1":0},"f":{"0":0},"b":{}}
,"/Users/mariammathew/Desktop/pjts/grocery-shopping-app/app/+not-found.tsx": {"path":"/Users/mariammathew/Desktop/pjts/grocery-shopping-app/app/+not-found.tsx","statementMap":{"0":{"start":{"line":7,"column":2},"end":{"line":18,"column":4}},"1":{"start":{"line":21,"column":15},"end":{"line":40,"column":2}}},"fnMap":{"0":{"name":"NotFoundScreen","decl":{"start":{"line":6,"column":24},"end":{"line":6,"column":38}},"loc":{"start":{"line":6,"column":41},"end":{"line":19,"column":1}},"line":6}},"branchMap":{},"s":{"0":0,"1":0},"f":{"0":0},"b":{}}
,"/Users/mariammathew/Desktop/pjts/grocery-shopping-app/app/_layout.tsx": {"path":"/Users/mariammathew/Desktop/pjts/grocery-shopping-app/app/_layout.tsx","statementMap":{"0":{"start":{"line":20,"column":33},"end":{"line":23,"column":1}},"1":{"start":{"line":26,"column":0},"end":{"line":26,"column":36}},"2":{"start":{"line":29,"column":26},"end":{"line":31,"column":4}},"3":{"start":{"line":34,"column":2},"end":{"line":36,"column":14}},"4":{"start":{"line":35,"column":4},"end":{"line":35,"column":27}},"5":{"start":{"line":35,"column":15},"end":{"line":35,"column":27}},"6":{"start":{"line":38,"column":2},"end":{"line":42,"column":15}},"7":{"start":{"line":39,"column":4},"end":{"line":41,"column":5}},"8":{"start":{"line":40,"column":6},"end":{"line":40,"column":31}},"9":{"start":{"line":44,"column":2},"end":{"line":46,"column":3}},"10":{"start":{"line":45,"column":4},"end":{"line":45,"column":16}},"11":{"start":{"line":48,"column":2},"end":{"line":52,"column":4}},"12":{"start":{"line":56,"column":22},"end":{"line":56,"column":38}},"13":{"start":{"line":58,"column":2},"end":{"line":65,"column":4}}},"fnMap":{"0":{"name":"RootLayout","decl":{"start":{"line":28,"column":24},"end":{"line":28,"column":34}},"loc":{"start":{"line":28,"column":37},"end":{"line":53,"column":1}},"line":28},"1":{"name":"(anonymous_1)","decl":{"start":{"line":34,"column":12},"end":{"line":34,"column":13}},"loc":{"start":{"line":34,"column":18},"end":{"line":36,"column":3}},"line":34},"2":{"name":"(anonymous_2)","decl":{"start":{"line":38,"column":12},"end":{"line":38,"column":13}},"loc":{"start":{"line":38,"column":18},"end":{"line":42,"column":3}},"line":38},"3":{"name":"RootLayoutNav","decl":{"start":{"line":55,"column":9},"end":{"line":55,"column":22}},"loc":{"start":{"line":55,"column":25},"end":{"line":66,"column":1}},"line":55}},"branchMap":{"0":{"loc":{"start":{"line":35,"column":4},"end":{"line":35,"column":27}},"type":"if","locations":[{"start":{"line":35,"column":4},"end":{"line":35,"column":27}},{"start":{},"end":{}}],"line":35},"1":{"loc":{"start":{"line":39,"column":4},"end":{"line":41,"column":5}},"type":"if","locations":[{"start":{"line":39,"column":4},"end":{"line":41,"column":5}},{"start":{},"end":{}}],"line":39},"2":{"loc":{"start":{"line":44,"column":2},"end":{"line":46,"column":3}},"type":"if","locations":[{"start":{"line":44,"column":2},"end":{"line":46,"column":3}},{"start":{},"end":{}}],"line":44},"3":{"loc":{"start":{"line":59,"column":26},"end":{"line":59,"column":75}},"type":"cond-expr","locations":[{"start":{"line":59,"column":51},"end":{"line":59,"column":60}},{"start":{"line":59,"column":63},"end":{"line":59,"column":75}}],"line":59}},"s":{"0":0,"1":0,"2":0,"3":0,"4":0,"5":0,"6":0,"7":0,"8":0,"9":0,"10":0,"11":0,"12":0,"13":0},"f":{"0":0,"1":0,"2":0,"3":0},"b":{"0":[0,0],"1":[0,0],"2":[0,0],"3":[0,0]}}
,"/Users/mariammathew/Desktop/pjts/grocery-shopping-app/app/modal.tsx": {"path":"/Users/mariammathew/Desktop/pjts/grocery-shopping-app/app/modal.tsx","statementMap":{"0":{"start":{"line":8,"column":2},"end":{"line":21,"column":4}},"1":{"start":{"line":24,"column":15},"end":{"line":39,"column":2}}},"fnMap":{"0":{"name":"ModalScreen","decl":{"start":{"line":7,"column":24},"end":{"line":7,"column":35}},"loc":{"start":{"line":7,"column":38},"end":{"line":22,"column":1}},"line":7}},"branchMap":{"0":{"loc":{"start":{"line":19,"column":24},"end":{"line":19,"column":64}},"type":"cond-expr","locations":[{"start":{"line":19,"column":48},"end":{"line":19,"column":55}},{"start":{"line":19,"column":58},"end":{"line":19,"column":64}}],"line":19}},"s":{"0":0,"1":0},"f":{"0":0},"b":{"0":[0,0]}}
,"/Users/mariammathew/Desktop/pjts/grocery-shopping-app/app/(tabs)/_layout.tsx": {"path":"/Users/mariammathew/Desktop/pjts/grocery-shopping-app/app/(tabs)/_layout.tsx","statementMap":{"0":{"start":{"line":15,"column":22},"end":{"line":15,"column":38}},"1":{"start":{"line":17,"column":2},"end":{"line":122,"column":4}},"2":{"start":{"line":64,"column":12},"end":{"line":70,"column":19}},"3":{"start":{"line":73,"column":12},"end":{"line":84,"column":19}},"4":{"start":{"line":76,"column":18},"end":{"line":81,"column":20}},"5":{"start":{"line":93,"column":12},"end":{"line":102,"column":19}},"6":{"start":{"line":111,"column":12},"end":{"line":117,"column":19}},"7":{"start":{"line":125,"column":15},"end":{"line":157,"column":2}}},"fnMap":{"0":{"name":"TabLayout","decl":{"start":{"line":14,"column":24},"end":{"line":14,"column":33}},"loc":{"start":{"line":14,"column":36},"end":{"line":123,"column":1}},"line":14},"1":{"name":"(anonymous_1)","decl":{"start":{"line":63,"column":22},"end":{"line":63,"column":23}},"loc":{"start":{"line":64,"column":12},"end":{"line":70,"column":19}},"line":64},"2":{"name":"(anonymous_2)","decl":{"start":{"line":72,"column":23},"end":{"line":72,"column":24}},"loc":{"start":{"line":73,"column":12},"end":{"line":84,"column":19}},"line":73},"3":{"name":"(anonymous_3)","decl":{"start":{"line":75,"column":17},"end":{"line":75,"column":18}},"loc":{"start":{"line":76,"column":18},"end":{"line":81,"column":20}},"line":76},"4":{"name":"(anonymous_4)","decl":{"start":{"line":92,"column":22},"end":{"line":92,"column":23}},"loc":{"start":{"line":93,"column":12},"end":{"line":102,"column":19}},"line":93},"5":{"name":"(anonymous_5)","decl":{"start":{"line":110,"column":22},"end":{"line":110,"column":23}},"loc":{"start":{"line":111,"column":12},"end":{"line":117,"column":19}},"line":111}},"branchMap":{"0":{"loc":{"start":{"line":21,"column":10},"end":{"line":21,"column":59}},"type":"binary-expr","locations":[{"start":{"line":21,"column":10},"end":{"line":21,"column":46}},{"start":{"line":21,"column":50},"end":{"line":21,"column":59}}],"line":21},"1":{"loc":{"start":{"line":21,"column":17},"end":{"line":21,"column":39}},"type":"binary-expr","locations":[{"start":{"line":21,"column":17},"end":{"line":21,"column":28}},{"start":{"line":21,"column":32},"end":{"line":21,"column":39}}],"line":21},"2":{"loc":{"start":{"line":23,"column":10},"end":{"line":23,"column":66}},"type":"binary-expr","locations":[{"start":{"line":23,"column":10},"end":{"line":23,"column":56}},{"start":{"line":23,"column":60},"end":{"line":23,"column":66}}],"line":23},"3":{"loc":{"start":{"line":23,"column":17},"end":{"line":23,"column":39}},"type":"binary-expr","locations":[{"start":{"line":23,"column":17},"end":{"line":23,"column":28}},{"start":{"line":23,"column":32},"end":{"line":23,"column":39}}],"line":23},"4":{"loc":{"start":{"line":25,"column":27},"end":{"line":25,"column":79}},"type":"binary-expr","locations":[{"start":{"line":25,"column":27},"end":{"line":25,"column":69}},{"start":{"line":25,"column":73},"end":{"line":25,"column":79}}],"line":25},"5":{"loc":{"start":{"line":25,"column":34},"end":{"line":25,"column":56}},"type":"binary-expr","locations":[{"start":{"line":25,"column":34},"end":{"line":25,"column":45}},{"start":{"line":25,"column":49},"end":{"line":25,"column":56}}],"line":25},"6":{"loc":{"start":{"line":43,"column":27},"end":{"line":43,"column":79}},"type":"binary-expr","locations":[{"start":{"line":43,"column":27},"end":{"line":43,"column":69}},{"start":{"line":43,"column":73},"end":{"line":43,"column":79}}],"line":43},"7":{"loc":{"start":{"line":43,"column":34},"end":{"line":43,"column":56}},"type":"binary-expr","locations":[{"start":{"line":43,"column":34},"end":{"line":43,"column":45}},{"start":{"line":43,"column":49},"end":{"line":43,"column":56}}],"line":43},"8":{"loc":{"start":{"line":48,"column":12},"end":{"line":48,"column":71}},"type":"binary-expr","locations":[{"start":{"line":48,"column":12},"end":{"line":48,"column":58}},{"start":{"line":48,"column":62},"end":{"line":48,"column":71}}],"line":48},"9":{"loc":{"start":{"line":48,"column":19},"end":{"line":48,"column":41}},"type":"binary-expr","locations":[{"start":{"line":48,"column":19},"end":{"line":48,"column":30}},{"start":{"line":48,"column":34},"end":{"line":48,"column":41}}],"line":48},"10":{"loc":{"start":{"line":53,"column":17},"end":{"line":53,"column":66}},"type":"binary-expr","locations":[{"start":{"line":53,"column":17},"end":{"line":53,"column":53}},{"start":{"line":53,"column":57},"end":{"line":53,"column":66}}],"line":53},"11":{"loc":{"start":{"line":53,"column":24},"end":{"line":53,"column":46}},"type":"binary-expr","locations":[{"start":{"line":53,"column":24},"end":{"line":53,"column":35}},{"start":{"line":53,"column":39},"end":{"line":53,"column":46}}],"line":53},"12":{"loc":{"start":{"line":55,"column":25},"end":{"line":55,"column":74}},"type":"binary-expr","locations":[{"start":{"line":55,"column":25},"end":{"line":55,"column":61}},{"start":{"line":55,"column":65},"end":{"line":55,"column":74}}],"line":55},"13":{"loc":{"start":{"line":55,"column":32},"end":{"line":55,"column":54}},"type":"binary-expr","locations":[{"start":{"line":55,"column":32},"end":{"line":55,"column":43}},{"start":{"line":55,"column":47},"end":{"line":55,"column":54}}],"line":55},"14":{"loc":{"start":{"line":64,"column":42},"end":{"line":64,"column":74}},"type":"binary-expr","locations":[{"start":{"line":64,"column":42},"end":{"line":64,"column":49}},{"start":{"line":64,"column":53},"end":{"line":64,"column":74}}],"line":64},"15":{"loc":{"start":{"line":66,"column":22},"end":{"line":66,"column":55}},"type":"cond-expr","locations":[{"start":{"line":66,"column":32},"end":{"line":66,"column":38}},{"start":{"line":66,"column":41},"end":{"line":66,"column":55}}],"line":66},"16":{"loc":{"start":{"line":79,"column":27},"end":{"line":79,"column":73}},"type":"binary-expr","locations":[{"start":{"line":79,"column":27},"end":{"line":79,"column":63}},{"start":{"line":79,"column":67},"end":{"line":79,"column":73}}],"line":79},"17":{"loc":{"start":{"line":79,"column":34},"end":{"line":79,"column":56}},"type":"binary-expr","locations":[{"start":{"line":79,"column":34},"end":{"line":79,"column":45}},{"start":{"line":79,"column":49},"end":{"line":79,"column":56}}],"line":79},"18":{"loc":{"start":{"line":80,"column":55},"end":{"line":80,"column":72}},"type":"cond-expr","locations":[{"start":{"line":80,"column":65},"end":{"line":80,"column":68}},{"start":{"line":80,"column":71},"end":{"line":80,"column":72}}],"line":80},"19":{"loc":{"start":{"line":93,"column":42},"end":{"line":93,"column":74}},"type":"binary-expr","locations":[{"start":{"line":93,"column":42},"end":{"line":93,"column":49}},{"start":{"line":93,"column":53},"end":{"line":93,"column":74}}],"line":93},"20":{"loc":{"start":{"line":95,"column":22},"end":{"line":95,"column":55}},"type":"cond-expr","locations":[{"start":{"line":95,"column":32},"end":{"line":95,"column":38}},{"start":{"line":95,"column":41},"end":{"line":95,"column":55}}],"line":95},"21":{"loc":{"start":{"line":111,"column":42},"end":{"line":111,"column":74}},"type":"binary-expr","locations":[{"start":{"line":111,"column":42},"end":{"line":111,"column":49}},{"start":{"line":111,"column":53},"end":{"line":111,"column":74}}],"line":111},"22":{"loc":{"start":{"line":113,"column":22},"end":{"line":113,"column":59}},"type":"cond-expr","locations":[{"start":{"line":113,"column":32},"end":{"line":113,"column":40}},{"start":{"line":113,"column":43},"end":{"line":113,"column":59}}],"line":113}},"s":{"0":0,"1":0,"2":0,"3":0,"4":0,"5":0,"6":0,"7":0},"f":{"0":0,"1":0,"2":0,"3":0,"4":0,"5":0},"b":{"0":[0,0],"1":[0,0],"2":[0,0],"3":[0,0],"4":[0,0],"5":[0,0],"6":[0,0],"7":[0,0],"8":[0,0],"9":[0,0],"10":[0,0],"11":[0,0],"12":[0,0],"13":[0,0],"14":[0,0],"15":[0,0],"16":[0,0],"17":[0,0],"18":[0,0],"19":[0,0],"20":[0,0],"21":[0,0],"22":[0,0]}}
,"/Users/mariammathew/Desktop/pjts/grocery-shopping-app/app/(tabs)/cart.tsx": {"path":"/Users/mariammathew/Desktop/pjts/grocery-shopping-app/app/(tabs)/cart.tsx","statementMap":{"0":{"start":{"line":17,"column":30},"end":{"line":17,"column":43}},"1":{"start":{"line":18,"column":36},"end":{"line":18,"column":48}},"2":{"start":{"line":19,"column":48},"end":{"line":19,"column":63}},"3":{"start":{"line":20,"column":42},"end":{"line":20,"column":57}},"4":{"start":{"line":21,"column":42},"end":{"line":21,"column":78}},"5":{"start":{"line":22,"column":40},"end":{"line":22,"column":55}},"6":{"start":{"line":24,"column":32},"end":{"line":31,"column":4}},"7":{"start":{"line":33,"column":26},"end":{"line":50,"column":3}},"8":{"start":{"line":34,"column":28},"end":{"line":34,"column":30}},"9":{"start":{"line":35,"column":4},"end":{"line":48,"column":5}},"10":{"start":{"line":36,"column":6},"end":{"line":47,"column":9}},"11":{"start":{"line":37,"column":8},"end":{"line":46,"column":9}},"12":{"start":{"line":38,"column":10},"end":{"line":45,"column":13}},"13":{"start":{"line":39,"column":12},"end":{"line":44,"column":15}},"14":{"start":{"line":49,"column":4},"end":{"line":49,"column":20}},"15":{"start":{"line":52,"column":28},"end":{"line":52,"column":61}},"16":{"start":{"line":52,"column":43},"end":{"line":52,"column":60}},"17":{"start":{"line":55,"column":2},"end":{"line":57,"column":20}},"18":{"start":{"line":56,"column":4},"end":{"line":56,"column":32}},"19":{"start":{"line":59,"column":19},"end":{"line":62,"column":3}},"20":{"start":{"line":60,"column":19},"end":{"line":60,"column":51}},"21":{"start":{"line":63,"column":22},"end":{"line":63,"column":51}},"22":{"start":{"line":64,"column":14},"end":{"line":64,"column":29}},"23":{"start":{"line":65,"column":16},"end":{"line":65,"column":44}},"24":{"start":{"line":67,"column":25},"end":{"line":97,"column":3}},"25":{"start":{"line":68,"column":24},"end":{"line":68,"column":64}},"26":{"start":{"line":68,"column":45},"end":{"line":68,"column":63}},"27":{"start":{"line":69,"column":4},"end":{"line":69,"column":29}},"28":{"start":{"line":69,"column":22},"end":{"line":69,"column":29}},"29":{"start":{"line":71,"column":24},"end":{"line":71,"column":66}},"30":{"start":{"line":73,"column":4},"end":{"line":83,"column":7}},"31":{"start":{"line":85,"column":4},"end":{"line":96,"column":6}},"32":{"start":{"line":86,"column":6},"end":{"line":95,"column":8}},"33":{"start":{"line":87,"column":8},"end":{"line":93,"column":9}},"34":{"start":{"line":88,"column":10},"end":{"line":92,"column":12}},"35":{"start":{"line":94,"column":8},"end":{"line":94,"column":20}},"36":{"start":{"line":99,"column":21},"end":{"line":106,"column":3}},"37":{"start":{"line":100,"column":4},"end":{"line":103,"column":7}},"38":{"start":{"line":105,"column":4},"end":{"line":105,"column":76}},"39":{"start":{"line":105,"column":28},"end":{"line":105,"column":74}},"40":{"start":{"line":105,"column":55},"end":{"line":105,"column":73}},"41":{"start":{"line":108,"column":28},"end":{"line":122,"column":3}},"42":{"start":{"line":109,"column":4},"end":{"line":112,"column":7}},"43":{"start":{"line":114,"column":4},"end":{"line":121,"column":6}},"44":{"start":{"line":115,"column":6},"end":{"line":120,"column":8}},"45":{"start":{"line":116,"column":8},"end":{"line":118,"column":9}},"46":{"start":{"line":117,"column":10},"end":{"line":117,"column":53}},"47":{"start":{"line":119,"column":8},"end":{"line":119,"column":20}},"48":{"start":{"line":124,"column":25},"end":{"line":127,"column":3}},"49":{"start":{"line":125,"column":4},"end":{"line":125,"column":26}},"50":{"start":{"line":126,"column":4},"end":{"line":126,"column":26}},"51":{"start":{"line":130,"column":24},"end":{"line":181,"column":22}},"52":{"start":{"line":131,"column":24},"end":{"line":131,"column":34}},"53":{"start":{"line":134,"column":4},"end":{"line":140,"column":5}},"54":{"start":{"line":135,"column":6},"end":{"line":139,"column":8}},"55":{"start":{"line":137,"column":10},"end":{"line":138,"column":79}},"56":{"start":{"line":143,"column":4},"end":{"line":147,"column":5}},"57":{"start":{"line":144,"column":6},"end":{"line":146,"column":8}},"58":{"start":{"line":145,"column":18},"end":{"line":145,"column":54}},"59":{"start":{"line":150,"column":4},"end":{"line":154,"column":5}},"60":{"start":{"line":151,"column":6},"end":{"line":153,"column":8}},"61":{"start":{"line":152,"column":18},"end":{"line":152,"column":60}},"62":{"start":{"line":157,"column":4},"end":{"line":159,"column":5}},"63":{"start":{"line":158,"column":6},"end":{"line":158,"column":67}},"64":{"start":{"line":158,"column":53},"end":{"line":158,"column":65}},"65":{"start":{"line":162,"column":4},"end":{"line":178,"column":7}},"66":{"start":{"line":163,"column":23},"end":{"line":163,"column":24}},"67":{"start":{"line":165,"column":6},"end":{"line":175,"column":7}},"68":{"start":{"line":167,"column":10},"end":{"line":167,"column":52}},"69":{"start":{"line":168,"column":10},"end":{"line":168,"column":16}},"70":{"start":{"line":170,"column":10},"end":{"line":170,"column":67}},"71":{"start":{"line":171,"column":10},"end":{"line":171,"column":16}},"72":{"start":{"line":173,"column":10},"end":{"line":173,"column":60}},"73":{"start":{"line":174,"column":10},"end":{"line":174,"column":16}},"74":{"start":{"line":177,"column":6},"end":{"line":177,"column":69}},"75":{"start":{"line":180,"column":4},"end":{"line":180,"column":25}},"76":{"start":{"line":183,"column":32},"end":{"line":190,"column":3}},"77":{"start":{"line":184,"column":16},"end":{"line":184,"column":17}},"78":{"start":{"line":185,"column":4},"end":{"line":185,"column":37}},"79":{"start":{"line":185,"column":29},"end":{"line":185,"column":37}},"80":{"start":{"line":186,"column":4},"end":{"line":186,"column":49}},"81":{"start":{"line":186,"column":41},"end":{"line":186,"column":49}},"82":{"start":{"line":187,"column":4},"end":{"line":187,"column":52}},"83":{"start":{"line":187,"column":44},"end":{"line":187,"column":52}},"84":{"start":{"line":188,"column":4},"end":{"line":188,"column":41}},"85":{"start":{"line":188,"column":33},"end":{"line":188,"column":41}},"86":{"start":{"line":189,"column":4},"end":{"line":189,"column":17}},"87":{"start":{"line":192,"column":30},"end":{"line":194,"column":3}},"88":{"start":{"line":193,"column":4},"end":{"line":193,"column":27}},"89":{"start":{"line":196,"column":29},"end":{"line":205,"column":3}},"90":{"start":{"line":197,"column":4},"end":{"line":204,"column":7}},"91":{"start":{"line":208,"column":31},"end":{"line":229,"column":21}},"92":{"start":{"line":209,"column":4},"end":{"line":228,"column":6}},"93":{"start":{"line":217,"column":8},"end":{"line":223,"column":9}},"94":{"start":{"line":218,"column":10},"end":{"line":222,"column":12}},"95":{"start":{"line":224,"column":8},"end":{"line":224,"column":44}},"96":{"start":{"line":225,"column":8},"end":{"line":225,"column":19}},"97":{"start":{"line":231,"column":23},"end":{"line":244,"column":3}},"98":{"start":{"line":233,"column":6},"end":{"line":239,"column":7}},"99":{"start":{"line":234,"column":8},"end":{"line":238,"column":10}},"100":{"start":{"line":240,"column":6},"end":{"line":240,"column":42}},"101":{"start":{"line":241,"column":6},"end":{"line":241,"column":17}},"102":{"start":{"line":246,"column":2},"end":{"line":562,"column":4}},"103":{"start":{"line":290,"column":29},"end":{"line":290,"column":49}},"104":{"start":{"line":314,"column":14},"end":{"line":314,"column":68}},"105":{"start":{"line":314,"column":36},"end":{"line":314,"column":66}},"106":{"start":{"line":322,"column":16},"end":{"line":322,"column":68}},"107":{"start":{"line":322,"column":38},"end":{"line":322,"column":66}},"108":{"start":{"line":354,"column":16},"end":{"line":354,"column":43}},"109":{"start":{"line":355,"column":16},"end":{"line":355,"column":38}},"110":{"start":{"line":385,"column":12},"end":{"line":470,"column":19}},"111":{"start":{"line":389,"column":31},"end":{"line":389,"column":77}},"112":{"start":{"line":389,"column":55},"end":{"line":389,"column":76}},"113":{"start":{"line":390,"column":18},"end":{"line":390,"column":49}},"114":{"start":{"line":390,"column":28},"end":{"line":390,"column":49}},"115":{"start":{"line":409,"column":16},"end":{"line":468,"column":23}},"116":{"start":{"line":412,"column":35},"end":{"line":412,"column":75}},"117":{"start":{"line":428,"column":37},"end":{"line":428,"column":70}},"118":{"start":{"line":450,"column":37},"end":{"line":450,"column":78}},"119":{"start":{"line":457,"column":37},"end":{"line":457,"column":77}},"120":{"start":{"line":548,"column":23},"end":{"line":548,"column":45}},"121":{"start":{"line":556,"column":23},"end":{"line":556,"column":44}},"122":{"start":{"line":565,"column":15},"end":{"line":1025,"column":2}}},"fnMap":{"0":{"name":"CartScreen","decl":{"start":{"line":16,"column":24},"end":{"line":16,"column":34}},"loc":{"start":{"line":16,"column":37},"end":{"line":563,"column":1}},"line":16},"1":{"name":"(anonymous_1)","decl":{"start":{"line":33,"column":26},"end":{"line":33,"column":27}},"loc":{"start":{"line":33,"column":32},"end":{"line":50,"column":3}},"line":33},"2":{"name":"(anonymous_2)","decl":{"start":{"line":36,"column":26},"end":{"line":36,"column":27}},"loc":{"start":{"line":36,"column":36},"end":{"line":47,"column":7}},"line":36},"3":{"name":"(anonymous_3)","decl":{"start":{"line":38,"column":29},"end":{"line":38,"column":30}},"loc":{"start":{"line":38,"column":39},"end":{"line":45,"column":11}},"line":38},"4":{"name":"(anonymous_4)","decl":{"start":{"line":52,"column":37},"end":{"line":52,"column":38}},"loc":{"start":{"line":52,"column":43},"end":{"line":52,"column":60}},"line":52},"5":{"name":"(anonymous_5)","decl":{"start":{"line":55,"column":12},"end":{"line":55,"column":13}},"loc":{"start":{"line":55,"column":18},"end":{"line":57,"column":3}},"line":55},"6":{"name":"(anonymous_6)","decl":{"start":{"line":60,"column":4},"end":{"line":60,"column":5}},"loc":{"start":{"line":60,"column":19},"end":{"line":60,"column":51}},"line":60},"7":{"name":"(anonymous_7)","decl":{"start":{"line":67,"column":25},"end":{"line":67,"column":26}},"loc":{"start":{"line":67,"column":77},"end":{"line":97,"column":3}},"line":67},"8":{"name":"(anonymous_8)","decl":{"start":{"line":68,"column":35},"end":{"line":68,"column":36}},"loc":{"start":{"line":68,"column":45},"end":{"line":68,"column":63}},"line":68},"9":{"name":"(anonymous_9)","decl":{"start":{"line":85,"column":13},"end":{"line":85,"column":14}},"loc":{"start":{"line":86,"column":6},"end":{"line":95,"column":8}},"line":86},"10":{"name":"(anonymous_10)","decl":{"start":{"line":86,"column":20},"end":{"line":86,"column":21}},"loc":{"start":{"line":86,"column":30},"end":{"line":95,"column":7}},"line":86},"11":{"name":"(anonymous_11)","decl":{"start":{"line":99,"column":21},"end":{"line":99,"column":22}},"loc":{"start":{"line":99,"column":57},"end":{"line":106,"column":3}},"line":99},"12":{"name":"(anonymous_12)","decl":{"start":{"line":105,"column":13},"end":{"line":105,"column":14}},"loc":{"start":{"line":105,"column":28},"end":{"line":105,"column":74}},"line":105},"13":{"name":"(anonymous_13)","decl":{"start":{"line":105,"column":45},"end":{"line":105,"column":46}},"loc":{"start":{"line":105,"column":55},"end":{"line":105,"column":73}},"line":105},"14":{"name":"(anonymous_14)","decl":{"start":{"line":108,"column":28},"end":{"line":108,"column":29}},"loc":{"start":{"line":108,"column":64},"end":{"line":122,"column":3}},"line":108},"15":{"name":"(anonymous_15)","decl":{"start":{"line":114,"column":13},"end":{"line":114,"column":14}},"loc":{"start":{"line":115,"column":6},"end":{"line":120,"column":8}},"line":115},"16":{"name":"(anonymous_16)","decl":{"start":{"line":115,"column":20},"end":{"line":115,"column":21}},"loc":{"start":{"line":115,"column":30},"end":{"line":120,"column":7}},"line":115},"17":{"name":"(anonymous_17)","decl":{"start":{"line":124,"column":25},"end":{"line":124,"column":26}},"loc":{"start":{"line":124,"column":49},"end":{"line":127,"column":3}},"line":124},"18":{"name":"(anonymous_18)","decl":{"start":{"line":130,"column":32},"end":{"line":130,"column":33}},"loc":{"start":{"line":130,"column":38},"end":{"line":181,"column":3}},"line":130},"19":{"name":"(anonymous_19)","decl":{"start":{"line":136,"column":8},"end":{"line":136,"column":9}},"loc":{"start":{"line":137,"column":10},"end":{"line":138,"column":79}},"line":137},"20":{"name":"(anonymous_20)","decl":{"start":{"line":145,"column":8},"end":{"line":145,"column":9}},"loc":{"start":{"line":145,"column":18},"end":{"line":145,"column":54}},"line":145},"21":{"name":"(anonymous_21)","decl":{"start":{"line":152,"column":8},"end":{"line":152,"column":9}},"loc":{"start":{"line":152,"column":18},"end":{"line":152,"column":60}},"line":152},"22":{"name":"(anonymous_22)","decl":{"start":{"line":158,"column":43},"end":{"line":158,"column":44}},"loc":{"start":{"line":158,"column":53},"end":{"line":158,"column":65}},"line":158},"23":{"name":"(anonymous_23)","decl":{"start":{"line":162,"column":23},"end":{"line":162,"column":24}},"loc":{"start":{"line":162,"column":33},"end":{"line":178,"column":5}},"line":162},"24":{"name":"(anonymous_24)","decl":{"start":{"line":183,"column":32},"end":{"line":183,"column":33}},"loc":{"start":{"line":183,"column":38},"end":{"line":190,"column":3}},"line":183},"25":{"name":"(anonymous_25)","decl":{"start":{"line":192,"column":30},"end":{"line":192,"column":31}},"loc":{"start":{"line":192,"column":62},"end":{"line":194,"column":3}},"line":192},"26":{"name":"(anonymous_26)","decl":{"start":{"line":196,"column":29},"end":{"line":196,"column":30}},"loc":{"start":{"line":196,"column":35},"end":{"line":205,"column":3}},"line":196},"27":{"name":"(anonymous_27)","decl":{"start":{"line":208,"column":39},"end":{"line":208,"column":40}},"loc":{"start":{"line":208,"column":45},"end":{"line":229,"column":3}},"line":208},"28":{"name":"(anonymous_28)","decl":{"start":{"line":210,"column":6},"end":{"line":210,"column":7}},"loc":{"start":{"line":216,"column":11},"end":{"line":226,"column":7}},"line":216},"29":{"name":"(anonymous_29)","decl":{"start":{"line":232,"column":4},"end":{"line":232,"column":5}},"loc":{"start":{"line":232,"column":19},"end":{"line":242,"column":5}},"line":232},"30":{"name":"(anonymous_30)","decl":{"start":{"line":290,"column":23},"end":{"line":290,"column":24}},"loc":{"start":{"line":290,"column":29},"end":{"line":290,"column":49}},"line":290},"31":{"name":"(anonymous_31)","decl":{"start":{"line":313,"column":26},"end":{"line":313,"column":27}},"loc":{"start":{"line":314,"column":14},"end":{"line":314,"column":68}},"line":314},"32":{"name":"(anonymous_32)","decl":{"start":{"line":314,"column":25},"end":{"line":314,"column":26}},"loc":{"start":{"line":314,"column":36},"end":{"line":314,"column":66}},"line":314},"33":{"name":"(anonymous_33)","decl":{"start":{"line":321,"column":23},"end":{"line":321,"column":24}},"loc":{"start":{"line":322,"column":16},"end":{"line":322,"column":68}},"line":322},"34":{"name":"(anonymous_34)","decl":{"start":{"line":322,"column":27},"end":{"line":322,"column":28}},"loc":{"start":{"line":322,"column":38},"end":{"line":322,"column":66}},"line":322},"35":{"name":"(anonymous_35)","decl":{"start":{"line":353,"column":23},"end":{"line":353,"column":24}},"loc":{"start":{"line":353,"column":29},"end":{"line":356,"column":15}},"line":353},"36":{"name":"(anonymous_36)","decl":{"start":{"line":384,"column":16},"end":{"line":384,"column":17}},"loc":{"start":{"line":385,"column":12},"end":{"line":470,"column":19}},"line":385},"37":{"name":"(anonymous_37)","decl":{"start":{"line":388,"column":25},"end":{"line":388,"column":26}},"loc":{"start":{"line":388,"column":31},"end":{"line":391,"column":17}},"line":388},"38":{"name":"(anonymous_38)","decl":{"start":{"line":389,"column":48},"end":{"line":389,"column":49}},"loc":{"start":{"line":389,"column":55},"end":{"line":389,"column":76}},"line":389},"39":{"name":"(anonymous_39)","decl":{"start":{"line":408,"column":31},"end":{"line":408,"column":32}},"loc":{"start":{"line":409,"column":16},"end":{"line":468,"column":23}},"line":409},"40":{"name":"(anonymous_40)","decl":{"start":{"line":412,"column":29},"end":{"line":412,"column":30}},"loc":{"start":{"line":412,"column":35},"end":{"line":412,"column":75}},"line":412},"41":{"name":"(anonymous_41)","decl":{"start":{"line":428,"column":31},"end":{"line":428,"column":32}},"loc":{"start":{"line":428,"column":37},"end":{"line":428,"column":70}},"line":428},"42":{"name":"(anonymous_42)","decl":{"start":{"line":450,"column":31},"end":{"line":450,"column":32}},"loc":{"start":{"line":450,"column":37},"end":{"line":450,"column":78}},"line":450},"43":{"name":"(anonymous_43)","decl":{"start":{"line":457,"column":31},"end":{"line":457,"column":32}},"loc":{"start":{"line":457,"column":37},"end":{"line":457,"column":77}},"line":457},"44":{"name":"(anonymous_44)","decl":{"start":{"line":548,"column":17},"end":{"line":548,"column":18}},"loc":{"start":{"line":548,"column":23},"end":{"line":548,"column":45}},"line":548},"45":{"name":"(anonymous_45)","decl":{"start":{"line":556,"column":17},"end":{"line":556,"column":18}},"loc":{"start":{"line":556,"column":23},"end":{"line":556,"column":44}},"line":556}},"branchMap":{"0":{"loc":{"start":{"line":35,"column":4},"end":{"line":48,"column":5}},"type":"if","locations":[{"start":{"line":35,"column":4},"end":{"line":48,"column":5}},{"start":{},"end":{}}],"line":35},"1":{"loc":{"start":{"line":35,"column":8},"end":{"line":35,"column":28}},"type":"binary-expr","locations":[{"start":{"line":35,"column":8},"end":{"line":35,"column":13}},{"start":{"line":35,"column":17},"end":{"line":35,"column":28}}],"line":35},"2":{"loc":{"start":{"line":37,"column":8},"end":{"line":46,"column":9}},"type":"if","locations":[{"start":{"line":37,"column":8},"end":{"line":46,"column":9}},{"start":{},"end":{}}],"line":37},"3":{"loc":{"start":{"line":37,"column":12},"end":{"line":37,"column":30}},"type":"binary-expr","locations":[{"start":{"line":37,"column":12},"end":{"line":37,"column":16}},{"start":{"line":37,"column":20},"end":{"line":37,"column":30}}],"line":37},"4":{"loc":{"start":{"line":63,"column":22},"end":{"line":63,"column":51}},"type":"cond-expr","locations":[{"start":{"line":63,"column":40},"end":{"line":63,"column":44}},{"start":{"line":63,"column":47},"end":{"line":63,"column":51}}],"line":63},"5":{"loc":{"start":{"line":69,"column":4},"end":{"line":69,"column":29}},"type":"if","locations":[{"start":{"line":69,"column":4},"end":{"line":69,"column":29}},{"start":{},"end":{}}],"line":69},"6":{"loc":{"start":{"line":87,"column":8},"end":{"line":93,"column":9}},"type":"if","locations":[{"start":{"line":87,"column":8},"end":{"line":93,"column":9}},{"start":{},"end":{}}],"line":87},"7":{"loc":{"start":{"line":116,"column":8},"end":{"line":118,"column":9}},"type":"if","locations":[{"start":{"line":116,"column":8},"end":{"line":118,"column":9}},{"start":{},"end":{}}],"line":116},"8":{"loc":{"start":{"line":134,"column":4},"end":{"line":140,"column":5}},"type":"if","locations":[{"start":{"line":134,"column":4},"end":{"line":140,"column":5}},{"start":{},"end":{}}],"line":134},"9":{"loc":{"start":{"line":137,"column":10},"end":{"line":138,"column":79}},"type":"binary-expr","locations":[{"start":{"line":137,"column":10},"end":{"line":137,"column":77}},{"start":{"line":138,"column":10},"end":{"line":138,"column":79}}],"line":137},"10":{"loc":{"start":{"line":143,"column":4},"end":{"line":147,"column":5}},"type":"if","locations":[{"start":{"line":143,"column":4},"end":{"line":147,"column":5}},{"start":{},"end":{}}],"line":143},"11":{"loc":{"start":{"line":150,"column":4},"end":{"line":154,"column":5}},"type":"if","locations":[{"start":{"line":150,"column":4},"end":{"line":154,"column":5}},{"start":{},"end":{}}],"line":150},"12":{"loc":{"start":{"line":157,"column":4},"end":{"line":159,"column":5}},"type":"if","locations":[{"start":{"line":157,"column":4},"end":{"line":159,"column":5}},{"start":{},"end":{}}],"line":157},"13":{"loc":{"start":{"line":165,"column":6},"end":{"line":175,"column":7}},"type":"switch","locations":[{"start":{"line":166,"column":8},"end":{"line":168,"column":16}},{"start":{"line":169,"column":8},"end":{"line":171,"column":16}},{"start":{"line":172,"column":8},"end":{"line":174,"column":16}}],"line":165},"14":{"loc":{"start":{"line":177,"column":13},"end":{"line":177,"column":68}},"type":"cond-expr","locations":[{"start":{"line":177,"column":44},"end":{"line":177,"column":55}},{"start":{"line":177,"column":58},"end":{"line":177,"column":68}}],"line":177},"15":{"loc":{"start":{"line":185,"column":4},"end":{"line":185,"column":37}},"type":"if","locations":[{"start":{"line":185,"column":4},"end":{"line":185,"column":37}},{"start":{},"end":{}}],"line":185},"16":{"loc":{"start":{"line":186,"column":4},"end":{"line":186,"column":49}},"type":"if","locations":[{"start":{"line":186,"column":4},"end":{"line":186,"column":49}},{"start":{},"end":{}}],"line":186},"17":{"loc":{"start":{"line":187,"column":4},"end":{"line":187,"column":52}},"type":"if","locations":[{"start":{"line":187,"column":4},"end":{"line":187,"column":52}},{"start":{},"end":{}}],"line":187},"18":{"loc":{"start":{"line":188,"column":4},"end":{"line":188,"column":41}},"type":"if","locations":[{"start":{"line":188,"column":4},"end":{"line":188,"column":41}},{"start":{},"end":{}}],"line":188},"19":{"loc":{"start":{"line":217,"column":8},"end":{"line":223,"column":9}},"type":"if","locations":[{"start":{"line":217,"column":8},"end":{"line":223,"column":9}},{"start":{},"end":{}}],"line":217},"20":{"loc":{"start":{"line":233,"column":6},"end":{"line":239,"column":7}},"type":"if","locations":[{"start":{"line":233,"column":6},"end":{"line":239,"column":7}},{"start":{},"end":{}}],"line":233},"21":{"loc":{"start":{"line":277,"column":26},"end":{"line":277,"column":62}},"type":"cond-expr","locations":[{"start":{"line":277,"column":44},"end":{"line":277,"column":50}},{"start":{"line":277,"column":53},"end":{"line":277,"column":62}}],"line":277},"22":{"loc":{"start":{"line":295,"column":17},"end":{"line":295,"column":78}},"type":"binary-expr","locations":[{"start":{"line":295,"column":17},"end":{"line":295,"column":44}},{"start":{"line":295,"column":48},"end":{"line":295,"column":78}}],"line":295},"23":{"loc":{"start":{"line":318,"column":11},"end":{"line":327,"column":11}},"type":"binary-expr","locations":[{"start":{"line":318,"column":11},"end":{"line":318,"column":30}},{"start":{"line":319,"column":12},"end":{"line":326,"column":24}}],"line":318},"24":{"loc":{"start":{"line":331,"column":9},"end":{"line":340,"column":9}},"type":"binary-expr","locations":[{"start":{"line":331,"column":9},"end":{"line":331,"column":36}},{"start":{"line":332,"column":10},"end":{"line":339,"column":17}}],"line":331},"25":{"loc":{"start":{"line":344,"column":9},"end":{"line":472,"column":9}},"type":"cond-expr","locations":[{"start":{"line":345,"column":10},"end":{"line":363,"column":17}},{"start":{"line":364,"column":12},"end":{"line":472,"column":9}}],"line":344},"26":{"loc":{"start":{"line":364,"column":12},"end":{"line":472,"column":9}},"type":"cond-expr","locations":[{"start":{"line":365,"column":10},"end":{"line":377,"column":17}},{"start":{"line":379,"column":10},"end":{"line":471,"column":12}}],"line":364},"27":{"loc":{"start":{"line":390,"column":18},"end":{"line":390,"column":49}},"type":"if","locations":[{"start":{"line":390,"column":18},"end":{"line":390,"column":49}},{"start":{},"end":{}}],"line":390},"28":{"loc":{"start":{"line":415,"column":28},"end":{"line":415,"column":72}},"type":"cond-expr","locations":[{"start":{"line":415,"column":43},"end":{"line":415,"column":53}},{"start":{"line":415,"column":56},"end":{"line":415,"column":72}}],"line":415},"29":{"loc":{"start":{"line":417,"column":29},"end":{"line":417,"column":62}},"type":"cond-expr","locations":[{"start":{"line":417,"column":44},"end":{"line":417,"column":53}},{"start":{"line":417,"column":56},"end":{"line":417,"column":62}}],"line":417},"30":{"loc":{"start":{"line":435,"column":24},"end":{"line":435,"column":62}},"type":"binary-expr","locations":[{"start":{"line":435,"column":24},"end":{"line":435,"column":36}},{"start":{"line":435,"column":40},"end":{"line":435,"column":62}}],"line":435},"31":{"loc":{"start":{"line":525,"column":12},"end":{"line":527,"column":37}},"type":"cond-expr","locations":[{"start":{"line":526,"column":16},"end":{"line":526,"column":45}},{"start":{"line":527,"column":16},"end":{"line":527,"column":37}}],"line":525},"32":{"loc":{"start":{"line":550,"column":14},"end":{"line":550,"column":46}},"type":"cond-expr","locations":[{"start":{"line":550,"column":29},"end":{"line":550,"column":35}},{"start":{"line":550,"column":38},"end":{"line":550,"column":46}}],"line":550}},"s":{"0":0,"1":0,"2":0,"3":0,"4":0,"5":0,"6":0,"7":0,"8":0,"9":0,"10":0,"11":0,"12":0,"13":0,"14":0,"15":0,"16":0,"17":0,"18":0,"19":0,"20":0,"21":0,"22":0,"23":0,"24":0,"25":0,"26":0,"27":0,"28":0,"29":0,"30":0,"31":0,"32":0,"33":0,"34":0,"35":0,"36":0,"37":0,"38":0,"39":0,"40":0,"41":0,"42":0,"43":0,"44":0,"45":0,"46":0,"47":0,"48":0,"49":0,"50":0,"51":0,"52":0,"53":0,"54":0,"55":0,"56":0,"57":0,"58":0,"59":0,"60":0,"61":0,"62":0,"63":0,"64":0,"65":0,"66":0,"67":0,"68":0,"69":0,"70":0,"71":0,"72":0,"73":0,"74":0,"75":0,"76":0,"77":0,"78":0,"79":0,"80":0,"81":0,"82":0,"83":0,"84":0,"85":0,"86":0,"87":0,"88":0,"89":0,"90":0,"91":0,"92":0,"93":0,"94":0,"95":0,"96":0,"97":0,"98":0,"99":0,"100":0,"101":0,"102":0,"103":0,"104":0,"105":0,"106":0,"107":0,"108":0,"109":0,"110":0,"111":0,"112":0,"113":0,"114":0,"115":0,"116":0,"117":0,"118":0,"119":0,"120":0,"121":0,"122":0},"f":{"0":0,"1":0,"2":0,"3":0,"4":0,"5":0,"6":0,"7":0,"8":0,"9":0,"10":0,"11":0,"12":0,"13":0,"14":0,"15":0,"16":0,"17":0,"18":0,"19":0,"20":0,"21":0,"22":0,"23":0,"24":0,"25":0,"26":0,"27":0,"28":0,"29":0,"30":0,"31":0,"32":0,"33":0,"34":0,"35":0,"36":0,"37":0,"38":0,"39":0,"40":0,"41":0,"42":0,"43":0,"44":0,"45":0},"b":{"0":[0,0],"1":[0,0],"2":[0,0],"3":[0,0],"4":[0,0],"5":[0,0],"6":[0,0],"7":[0,0],"8":[0,0],"9":[0,0],"10":[0,0],"11":[0,0],"12":[0,0],"13":[0,0,0],"14":[0,0],"15":[0,0],"16":[0,0],"17":[0,0],"18":[0,0],"19":[0,0],"20":[0,0],"21":[0,0],"22":[0,0],"23":[0,0],"24":[0,0],"25":[0,0],"26":[0,0],"27":[0,0],"28":[0,0],"29":[0,0],"30":[0,0],"31":[0,0],"32":[0,0]}}
,"/Users/mariammathew/Desktop/pjts/grocery-shopping-app/app/(tabs)/index.tsx": {"path":"/Users/mariammathew/Desktop/pjts/grocery-shopping-app/app/(tabs)/index.tsx","statementMap":{"0":{"start":{"line":9,"column":26},"end":{"line":52,"column":1}},"1":{"start":{"line":54,"column":22},"end":{"line":87,"column":1}},"2":{"start":{"line":89,"column":21},"end":{"line":104,"column":1}},"3":{"start":{"line":107,"column":30},"end":{"line":107,"column":43}},"4":{"start":{"line":108,"column":40},"end":{"line":108,"column":52}},"5":{"start":{"line":109,"column":42},"end":{"line":109,"column":57}},"6":{"start":{"line":110,"column":36},"end":{"line":112,"column":3}},"7":{"start":{"line":113,"column":42},"end":{"line":113,"column":78}},"8":{"start":{"line":115,"column":27},"end":{"line":119,"column":3}},"9":{"start":{"line":116,"column":4},"end":{"line":116,"column":27}},"10":{"start":{"line":117,"column":4},"end":{"line":117,"column":31}},"11":{"start":{"line":118,"column":4},"end":{"line":118,"column":26}},"12":{"start":{"line":121,"column":25},"end":{"line":125,"column":3}},"13":{"start":{"line":122,"column":4},"end":{"line":122,"column":25}},"14":{"start":{"line":123,"column":4},"end":{"line":123,"column":26}},"15":{"start":{"line":124,"column":4},"end":{"line":124,"column":26}},"16":{"start":{"line":127,"column":25},"end":{"line":131,"column":3}},"17":{"start":{"line":128,"column":4},"end":{"line":128,"column":25}},"18":{"start":{"line":129,"column":4},"end":{"line":129,"column":26}},"19":{"start":{"line":130,"column":4},"end":{"line":130,"column":26}},"20":{"start":{"line":133,"column":25},"end":{"line":141,"column":3}},"21":{"start":{"line":134,"column":4},"end":{"line":134,"column":60}},"22":{"start":{"line":134,"column":50},"end":{"line":134,"column":60}},"23":{"start":{"line":135,"column":4},"end":{"line":140,"column":19}},"24":{"start":{"line":138,"column":10},"end":{"line":138,"column":75}},"25":{"start":{"line":143,"column":26},"end":{"line":147,"column":3}},"26":{"start":{"line":144,"column":4},"end":{"line":144,"column":66}},"27":{"start":{"line":144,"column":57},"end":{"line":144,"column":66}},"28":{"start":{"line":145,"column":25},"end":{"line":145,"column":73}},"29":{"start":{"line":145,"column":53},"end":{"line":145,"column":65}},"30":{"start":{"line":146,"column":4},"end":{"line":146,"column":52}},"31":{"start":{"line":149,"column":23},"end":{"line":155,"column":3}},"32":{"start":{"line":150,"column":4},"end":{"line":150,"column":39}},"33":{"start":{"line":150,"column":30},"end":{"line":150,"column":39}},"34":{"start":{"line":151,"column":4},"end":{"line":154,"column":6}},"35":{"start":{"line":152,"column":21},"end":{"line":152,"column":53}},"36":{"start":{"line":157,"column":2},"end":{"line":410,"column":4}},"37":{"start":{"line":230,"column":31},"end":{"line":230,"column":52}},"38":{"start":{"line":231,"column":28},"end":{"line":231,"column":46}},"39":{"start":{"line":232,"column":35},"end":{"line":234,"column":22}},"40":{"start":{"line":233,"column":26},"end":{"line":233,"column":38}},"41":{"start":{"line":236,"column":14},"end":{"line":280,"column":16}},"42":{"start":{"line":240,"column":33},"end":{"line":240,"column":53}},"43":{"start":{"line":268,"column":24},"end":{"line":268,"column":44}},"44":{"start":{"line":269,"column":24},"end":{"line":269,"column":45}},"45":{"start":{"line":309,"column":12},"end":{"line":321,"column":24}},"46":{"start":{"line":331,"column":12},"end":{"line":350,"column":24}},"47":{"start":{"line":364,"column":10},"end":{"line":375,"column":22}},"48":{"start":{"line":405,"column":23},"end":{"line":405,"column":45}},"49":{"start":{"line":413,"column":15},"end":{"line":832,"column":2}}},"fnMap":{"0":{"name":"DashboardScreen","decl":{"start":{"line":106,"column":24},"end":{"line":106,"column":39}},"loc":{"start":{"line":106,"column":42},"end":{"line":411,"column":1}},"line":106},"1":{"name":"(anonymous_1)","decl":{"start":{"line":115,"column":27},"end":{"line":115,"column":28}},"loc":{"start":{"line":115,"column":33},"end":{"line":119,"column":3}},"line":115},"2":{"name":"(anonymous_2)","decl":{"start":{"line":121,"column":25},"end":{"line":121,"column":26}},"loc":{"start":{"line":121,"column":49},"end":{"line":125,"column":3}},"line":121},"3":{"name":"(anonymous_3)","decl":{"start":{"line":127,"column":25},"end":{"line":127,"column":26}},"loc":{"start":{"line":127,"column":49},"end":{"line":131,"column":3}},"line":127},"4":{"name":"(anonymous_4)","decl":{"start":{"line":133,"column":25},"end":{"line":133,"column":26}},"loc":{"start":{"line":133,"column":31},"end":{"line":141,"column":3}},"line":133},"5":{"name":"(anonymous_5)","decl":{"start":{"line":137,"column":8},"end":{"line":137,"column":9}},"loc":{"start":{"line":138,"column":10},"end":{"line":138,"column":75}},"line":138},"6":{"name":"(anonymous_6)","decl":{"start":{"line":143,"column":26},"end":{"line":143,"column":27}},"loc":{"start":{"line":143,"column":50},"end":{"line":147,"column":3}},"line":143},"7":{"name":"(anonymous_7)","decl":{"start":{"line":145,"column":43},"end":{"line":145,"column":44}},"loc":{"start":{"line":145,"column":53},"end":{"line":145,"column":65}},"line":145},"8":{"name":"(anonymous_8)","decl":{"start":{"line":149,"column":23},"end":{"line":149,"column":24}},"loc":{"start":{"line":149,"column":47},"end":{"line":155,"column":3}},"line":149},"9":{"name":"(anonymous_9)","decl":{"start":{"line":152,"column":6},"end":{"line":152,"column":7}},"loc":{"start":{"line":152,"column":21},"end":{"line":152,"column":53}},"line":152},"10":{"name":"(anonymous_10)","decl":{"start":{"line":229,"column":34},"end":{"line":229,"column":35}},"loc":{"start":{"line":229,"column":44},"end":{"line":281,"column":13}},"line":229},"11":{"name":"(anonymous_11)","decl":{"start":{"line":233,"column":16},"end":{"line":233,"column":17}},"loc":{"start":{"line":233,"column":26},"end":{"line":233,"column":38}},"line":233},"12":{"name":"(anonymous_12)","decl":{"start":{"line":240,"column":27},"end":{"line":240,"column":28}},"loc":{"start":{"line":240,"column":33},"end":{"line":240,"column":53}},"line":240},"13":{"name":"(anonymous_13)","decl":{"start":{"line":267,"column":31},"end":{"line":267,"column":32}},"loc":{"start":{"line":267,"column":38},"end":{"line":270,"column":23}},"line":267},"14":{"name":"(anonymous_14)","decl":{"start":{"line":308,"column":29},"end":{"line":308,"column":30}},"loc":{"start":{"line":309,"column":12},"end":{"line":321,"column":24}},"line":309},"15":{"name":"(anonymous_15)","decl":{"start":{"line":330,"column":33},"end":{"line":330,"column":34}},"loc":{"start":{"line":331,"column":12},"end":{"line":350,"column":24}},"line":331},"16":{"name":"(anonymous_16)","decl":{"start":{"line":363,"column":26},"end":{"line":363,"column":27}},"loc":{"start":{"line":364,"column":10},"end":{"line":375,"column":22}},"line":364},"17":{"name":"(anonymous_17)","decl":{"start":{"line":405,"column":17},"end":{"line":405,"column":18}},"loc":{"start":{"line":405,"column":23},"end":{"line":405,"column":45}},"line":405}},"branchMap":{"0":{"loc":{"start":{"line":134,"column":4},"end":{"line":134,"column":60}},"type":"if","locations":[{"start":{"line":134,"column":4},"end":{"line":134,"column":60}},{"start":{},"end":{}}],"line":134},"1":{"loc":{"start":{"line":134,"column":8},"end":{"line":134,"column":48}},"type":"binary-expr","locations":[{"start":{"line":134,"column":8},"end":{"line":134,"column":20}},{"start":{"line":134,"column":24},"end":{"line":134,"column":48}}],"line":134},"2":{"loc":{"start":{"line":144,"column":4},"end":{"line":144,"column":66}},"type":"if","locations":[{"start":{"line":144,"column":4},"end":{"line":144,"column":66}},{"start":{},"end":{}}],"line":144},"3":{"loc":{"start":{"line":144,"column":8},"end":{"line":144,"column":55}},"type":"binary-expr","locations":[{"start":{"line":144,"column":8},"end":{"line":144,"column":13}},{"start":{"line":144,"column":17},"end":{"line":144,"column":28}},{"start":{"line":144,"column":32},"end":{"line":144,"column":55}}],"line":144},"4":{"loc":{"start":{"line":150,"column":4},"end":{"line":150,"column":39}},"type":"if","locations":[{"start":{"line":150,"column":4},"end":{"line":150,"column":39}},{"start":{},"end":{}}],"line":150},"5":{"loc":{"start":{"line":150,"column":8},"end":{"line":150,"column":28}},"type":"binary-expr","locations":[{"start":{"line":150,"column":8},"end":{"line":150,"column":13}},{"start":{"line":150,"column":17},"end":{"line":150,"column":28}}],"line":150},"6":{"loc":{"start":{"line":212,"column":9},"end":{"line":292,"column":9}},"type":"cond-expr","locations":[{"start":{"line":213,"column":10},"end":{"line":226,"column":17}},{"start":{"line":228,"column":10},"end":{"line":291,"column":13}}],"line":212},"7":{"loc":{"start":{"line":283,"column":13},"end":{"line":290,"column":13}},"type":"binary-expr","locations":[{"start":{"line":283,"column":13},"end":{"line":283,"column":35}},{"start":{"line":284,"column":14},"end":{"line":289,"column":26}}],"line":283}},"s":{"0":0,"1":0,"2":0,"3":0,"4":0,"5":0,"6":0,"7":0,"8":0,"9":0,"10":0,"11":0,"12":0,"13":0,"14":0,"15":0,"16":0,"17":0,"18":0,"19":0,"20":0,"21":0,"22":0,"23":0,"24":0,"25":0,"26":0,"27":0,"28":0,"29":0,"30":0,"31":0,"32":0,"33":0,"34":0,"35":0,"36":0,"37":0,"38":0,"39":0,"40":0,"41":0,"42":0,"43":0,"44":0,"45":0,"46":0,"47":0,"48":0,"49":0},"f":{"0":0,"1":0,"2":0,"3":0,"4":0,"5":0,"6":0,"7":0,"8":0,"9":0,"10":0,"11":0,"12":0,"13":0,"14":0,"15":0,"16":0,"17":0},"b":{"0":[0,0],"1":[0,0],"2":[0,0],"3":[0,0,0],"4":[0,0],"5":[0,0],"6":[0,0],"7":[0,0]}}
,"/Users/mariammathew/Desktop/pjts/grocery-shopping-app/app/(tabs)/settings.tsx": {"path":"/Users/mariammathew/Desktop/pjts/grocery-shopping-app/app/(tabs)/settings.tsx","statementMap":{"0":{"start":{"line":6,"column":24},"end":{"line":39,"column":1}},"1":{"start":{"line":41,"column":23},"end":{"line":77,"column":1}},"2":{"start":{"line":79,"column":23},"end":{"line":108,"column":1}},"3":{"start":{"line":111,"column":34},"end":{"line":111,"column":59}},"4":{"start":{"line":113,"column":24},"end":{"line":119,"column":3}},"5":{"start":{"line":114,"column":4},"end":{"line":118,"column":6}},"6":{"start":{"line":115,"column":6},"end":{"line":117,"column":7}},"7":{"start":{"line":116,"column":8},"end":{"line":116,"column":75}},"8":{"start":{"line":121,"column":2},"end":{"line":269,"column":4}},"9":{"start":{"line":164,"column":12},"end":{"line":184,"column":19}},"10":{"start":{"line":180,"column":37},"end":{"line":180,"column":62}},"11":{"start":{"line":194,"column":12},"end":{"line":209,"column":24}},"12":{"start":{"line":219,"column":12},"end":{"line":234,"column":24}},"13":{"start":{"line":272,"column":15},"end":{"line":487,"column":2}}},"fnMap":{"0":{"name":"SettingsScreen","decl":{"start":{"line":110,"column":24},"end":{"line":110,"column":38}},"loc":{"start":{"line":110,"column":41},"end":{"line":270,"column":1}},"line":110},"1":{"name":"(anonymous_1)","decl":{"start":{"line":113,"column":24},"end":{"line":113,"column":25}},"loc":{"start":{"line":113,"column":40},"end":{"line":119,"column":3}},"line":113},"2":{"name":"(anonymous_2)","decl":{"start":{"line":114,"column":16},"end":{"line":114,"column":17}},"loc":{"start":{"line":115,"column":6},"end":{"line":117,"column":7}},"line":115},"3":{"name":"(anonymous_3)","decl":{"start":{"line":115,"column":23},"end":{"line":115,"column":24}},"loc":{"start":{"line":116,"column":8},"end":{"line":116,"column":75}},"line":116},"4":{"name":"(anonymous_4)","decl":{"start":{"line":163,"column":24},"end":{"line":163,"column":25}},"loc":{"start":{"line":164,"column":12},"end":{"line":184,"column":19}},"line":164},"5":{"name":"(anonymous_5)","decl":{"start":{"line":180,"column":31},"end":{"line":180,"column":32}},"loc":{"start":{"line":180,"column":37},"end":{"line":180,"column":62}},"line":180},"6":{"name":"(anonymous_6)","decl":{"start":{"line":193,"column":30},"end":{"line":193,"column":31}},"loc":{"start":{"line":194,"column":12},"end":{"line":209,"column":24}},"line":194},"7":{"name":"(anonymous_7)","decl":{"start":{"line":218,"column":30},"end":{"line":218,"column":31}},"loc":{"start":{"line":219,"column":12},"end":{"line":234,"column":24}},"line":219}},"branchMap":{"0":{"loc":{"start":{"line":116,"column":8},"end":{"line":116,"column":75}},"type":"cond-expr","locations":[{"start":{"line":116,"column":28},"end":{"line":116,"column":65}},{"start":{"line":116,"column":68},"end":{"line":116,"column":75}}],"line":116},"1":{"loc":{"start":{"line":182,"column":28},"end":{"line":182,"column":62}},"type":"cond-expr","locations":[{"start":{"line":182,"column":44},"end":{"line":182,"column":50}},{"start":{"line":182,"column":53},"end":{"line":182,"column":62}}],"line":182}},"s":{"0":0,"1":0,"2":0,"3":0,"4":0,"5":0,"6":0,"7":0,"8":0,"9":0,"10":0,"11":0,"12":0,"13":0},"f":{"0":0,"1":0,"2":0,"3":0,"4":0,"5":0,"6":0,"7":0},"b":{"0":[0,0],"1":[0,0]}}
,"/Users/mariammathew/Desktop/pjts/grocery-shopping-app/components/CartFilters.tsx": {"path":"/Users/mariammathew/Desktop/pjts/grocery-shopping-app/components/CartFilters.tsx","statementMap":{"0":{"start":{"line":38,"column":40},"end":{"line":38,"column":76}},"1":{"start":{"line":40,"column":22},"end":{"line":43,"column":3}},"2":{"start":{"line":41,"column":4},"end":{"line":41,"column":33}},"3":{"start":{"line":42,"column":4},"end":{"line":42,"column":14}},"4":{"start":{"line":45,"column":22},"end":{"line":56,"column":3}},"5":{"start":{"line":46,"column":46},"end":{"line":53,"column":5}},"6":{"start":{"line":54,"column":4},"end":{"line":54,"column":35}},"7":{"start":{"line":55,"column":4},"end":{"line":55,"column":14}},"8":{"start":{"line":58,"column":2},"end":{"line":276,"column":4}},"9":{"start":{"line":87,"column":40},"end":{"line":87,"column":96}},"10":{"start":{"line":87,"column":64},"end":{"line":87,"column":94}},"11":{"start":{"line":102,"column":31},"end":{"line":102,"column":90}},"12":{"start":{"line":102,"column":55},"end":{"line":102,"column":88}},"13":{"start":{"line":112,"column":16},"end":{"line":126,"column":28}},"14":{"start":{"line":118,"column":33},"end":{"line":118,"column":97}},"15":{"start":{"line":118,"column":57},"end":{"line":118,"column":95}},"16":{"start":{"line":141,"column":33},"end":{"line":141,"column":95}},"17":{"start":{"line":141,"column":57},"end":{"line":141,"column":93}},"18":{"start":{"line":151,"column":18},"end":{"line":165,"column":30}},"19":{"start":{"line":157,"column":35},"end":{"line":157,"column":100}},"20":{"start":{"line":157,"column":59},"end":{"line":157,"column":98}},"21":{"start":{"line":180,"column":31},"end":{"line":180,"column":92}},"22":{"start":{"line":180,"column":55},"end":{"line":180,"column":90}},"23":{"start":{"line":194,"column":31},"end":{"line":194,"column":91}},"24":{"start":{"line":194,"column":55},"end":{"line":194,"column":89}},"25":{"start":{"line":216,"column":18},"end":{"line":230,"column":30}},"26":{"start":{"line":222,"column":35},"end":{"line":222,"column":99}},"27":{"start":{"line":222,"column":59},"end":{"line":222,"column":97}},"28":{"start":{"line":240,"column":33},"end":{"line":240,"column":88}},"29":{"start":{"line":240,"column":57},"end":{"line":240,"column":86}},"30":{"start":{"line":254,"column":33},"end":{"line":254,"column":89}},"31":{"start":{"line":254,"column":57},"end":{"line":254,"column":87}},"32":{"start":{"line":279,"column":15},"end":{"line":457,"column":2}}},"fnMap":{"0":{"name":"CartFilters","decl":{"start":{"line":31,"column":24},"end":{"line":31,"column":35}},"loc":{"start":{"line":37,"column":21},"end":{"line":277,"column":1}},"line":37},"1":{"name":"(anonymous_1)","decl":{"start":{"line":40,"column":22},"end":{"line":40,"column":23}},"loc":{"start":{"line":40,"column":28},"end":{"line":43,"column":3}},"line":40},"2":{"name":"(anonymous_2)","decl":{"start":{"line":45,"column":22},"end":{"line":45,"column":23}},"loc":{"start":{"line":45,"column":28},"end":{"line":56,"column":3}},"line":45},"3":{"name":"(anonymous_3)","decl":{"start":{"line":87,"column":30},"end":{"line":87,"column":31}},"loc":{"start":{"line":87,"column":40},"end":{"line":87,"column":96}},"line":87},"4":{"name":"(anonymous_4)","decl":{"start":{"line":87,"column":55},"end":{"line":87,"column":56}},"loc":{"start":{"line":87,"column":64},"end":{"line":87,"column":94}},"line":87},"5":{"name":"(anonymous_5)","decl":{"start":{"line":102,"column":25},"end":{"line":102,"column":26}},"loc":{"start":{"line":102,"column":31},"end":{"line":102,"column":90}},"line":102},"6":{"name":"(anonymous_6)","decl":{"start":{"line":102,"column":46},"end":{"line":102,"column":47}},"loc":{"start":{"line":102,"column":55},"end":{"line":102,"column":88}},"line":102},"7":{"name":"(anonymous_7)","decl":{"start":{"line":111,"column":26},"end":{"line":111,"column":27}},"loc":{"start":{"line":112,"column":16},"end":{"line":126,"column":28}},"line":112},"8":{"name":"(anonymous_8)","decl":{"start":{"line":118,"column":27},"end":{"line":118,"column":28}},"loc":{"start":{"line":118,"column":33},"end":{"line":118,"column":97}},"line":118},"9":{"name":"(anonymous_9)","decl":{"start":{"line":118,"column":48},"end":{"line":118,"column":49}},"loc":{"start":{"line":118,"column":57},"end":{"line":118,"column":95}},"line":118},"10":{"name":"(anonymous_10)","decl":{"start":{"line":141,"column":27},"end":{"line":141,"column":28}},"loc":{"start":{"line":141,"column":33},"end":{"line":141,"column":95}},"line":141},"11":{"name":"(anonymous_11)","decl":{"start":{"line":141,"column":48},"end":{"line":141,"column":49}},"loc":{"start":{"line":141,"column":57},"end":{"line":141,"column":93}},"line":141},"12":{"name":"(anonymous_12)","decl":{"start":{"line":150,"column":32},"end":{"line":150,"column":33}},"loc":{"start":{"line":151,"column":18},"end":{"line":165,"column":30}},"line":151},"13":{"name":"(anonymous_13)","decl":{"start":{"line":157,"column":29},"end":{"line":157,"column":30}},"loc":{"start":{"line":157,"column":35},"end":{"line":157,"column":100}},"line":157},"14":{"name":"(anonymous_14)","decl":{"start":{"line":157,"column":50},"end":{"line":157,"column":51}},"loc":{"start":{"line":157,"column":59},"end":{"line":157,"column":98}},"line":157},"15":{"name":"(anonymous_15)","decl":{"start":{"line":180,"column":25},"end":{"line":180,"column":26}},"loc":{"start":{"line":180,"column":31},"end":{"line":180,"column":92}},"line":180},"16":{"name":"(anonymous_16)","decl":{"start":{"line":180,"column":46},"end":{"line":180,"column":47}},"loc":{"start":{"line":180,"column":55},"end":{"line":180,"column":90}},"line":180},"17":{"name":"(anonymous_17)","decl":{"start":{"line":194,"column":25},"end":{"line":194,"column":26}},"loc":{"start":{"line":194,"column":31},"end":{"line":194,"column":91}},"line":194},"18":{"name":"(anonymous_18)","decl":{"start":{"line":194,"column":46},"end":{"line":194,"column":47}},"loc":{"start":{"line":194,"column":55},"end":{"line":194,"column":89}},"line":194},"19":{"name":"(anonymous_19)","decl":{"start":{"line":215,"column":22},"end":{"line":215,"column":23}},"loc":{"start":{"line":216,"column":18},"end":{"line":230,"column":30}},"line":216},"20":{"name":"(anonymous_20)","decl":{"start":{"line":222,"column":29},"end":{"line":222,"column":30}},"loc":{"start":{"line":222,"column":35},"end":{"line":222,"column":99}},"line":222},"21":{"name":"(anonymous_21)","decl":{"start":{"line":222,"column":50},"end":{"line":222,"column":51}},"loc":{"start":{"line":222,"column":59},"end":{"line":222,"column":97}},"line":222},"22":{"name":"(anonymous_22)","decl":{"start":{"line":240,"column":27},"end":{"line":240,"column":28}},"loc":{"start":{"line":240,"column":33},"end":{"line":240,"column":88}},"line":240},"23":{"name":"(anonymous_23)","decl":{"start":{"line":240,"column":48},"end":{"line":240,"column":49}},"loc":{"start":{"line":240,"column":57},"end":{"line":240,"column":86}},"line":240},"24":{"name":"(anonymous_24)","decl":{"start":{"line":254,"column":27},"end":{"line":254,"column":28}},"loc":{"start":{"line":254,"column":33},"end":{"line":254,"column":89}},"line":254},"25":{"name":"(anonymous_25)","decl":{"start":{"line":254,"column":48},"end":{"line":254,"column":49}},"loc":{"start":{"line":254,"column":57},"end":{"line":254,"column":87}},"line":254}},"branchMap":{"0":{"loc":{"start":{"line":100,"column":18},"end":{"line":100,"column":76}},"type":"binary-expr","locations":[{"start":{"line":100,"column":18},"end":{"line":100,"column":53}},{"start":{"line":100,"column":57},"end":{"line":100,"column":76}}],"line":100},"1":{"loc":{"start":{"line":106,"column":18},"end":{"line":106,"column":80}},"type":"binary-expr","locations":[{"start":{"line":106,"column":18},"end":{"line":106,"column":53}},{"start":{"line":106,"column":57},"end":{"line":106,"column":80}}],"line":106},"2":{"loc":{"start":{"line":116,"column":20},"end":{"line":116,"column":83}},"type":"binary-expr","locations":[{"start":{"line":116,"column":20},"end":{"line":116,"column":60}},{"start":{"line":116,"column":64},"end":{"line":116,"column":83}}],"line":116},"3":{"loc":{"start":{"line":122,"column":20},"end":{"line":122,"column":87}},"type":"binary-expr","locations":[{"start":{"line":122,"column":20},"end":{"line":122,"column":60}},{"start":{"line":122,"column":64},"end":{"line":122,"column":87}}],"line":122},"4":{"loc":{"start":{"line":139,"column":20},"end":{"line":139,"column":81}},"type":"binary-expr","locations":[{"start":{"line":139,"column":20},"end":{"line":139,"column":58}},{"start":{"line":139,"column":62},"end":{"line":139,"column":81}}],"line":139},"5":{"loc":{"start":{"line":145,"column":20},"end":{"line":145,"column":85}},"type":"binary-expr","locations":[{"start":{"line":145,"column":20},"end":{"line":145,"column":58}},{"start":{"line":145,"column":62},"end":{"line":145,"column":85}}],"line":145},"6":{"loc":{"start":{"line":155,"column":22},"end":{"line":155,"column":86}},"type":"binary-expr","locations":[{"start":{"line":155,"column":22},"end":{"line":155,"column":63}},{"start":{"line":155,"column":67},"end":{"line":155,"column":86}}],"line":155},"7":{"loc":{"start":{"line":161,"column":22},"end":{"line":161,"column":90}},"type":"binary-expr","locations":[{"start":{"line":161,"column":22},"end":{"line":161,"column":63}},{"start":{"line":161,"column":67},"end":{"line":161,"column":90}}],"line":161},"8":{"loc":{"start":{"line":178,"column":18},"end":{"line":178,"column":77}},"type":"binary-expr","locations":[{"start":{"line":178,"column":18},"end":{"line":178,"column":46}},{"start":{"line":178,"column":50},"end":{"line":178,"column":77}}],"line":178},"9":{"loc":{"start":{"line":183,"column":24},"end":{"line":183,"column":83}},"type":"cond-expr","locations":[{"start":{"line":183,"column":54},"end":{"line":183,"column":70}},{"start":{"line":183,"column":73},"end":{"line":183,"column":83}}],"line":183},"10":{"loc":{"start":{"line":185,"column":25},"end":{"line":185,"column":73}},"type":"cond-expr","locations":[{"start":{"line":185,"column":55},"end":{"line":185,"column":61}},{"start":{"line":185,"column":64},"end":{"line":185,"column":73}}],"line":185},"11":{"loc":{"start":{"line":192,"column":18},"end":{"line":192,"column":76}},"type":"binary-expr","locations":[{"start":{"line":192,"column":18},"end":{"line":192,"column":45}},{"start":{"line":192,"column":49},"end":{"line":192,"column":76}}],"line":192},"12":{"loc":{"start":{"line":197,"column":24},"end":{"line":197,"column":83}},"type":"cond-expr","locations":[{"start":{"line":197,"column":54},"end":{"line":197,"column":64}},{"start":{"line":197,"column":67},"end":{"line":197,"column":83}}],"line":197},"13":{"loc":{"start":{"line":199,"column":25},"end":{"line":199,"column":73}},"type":"cond-expr","locations":[{"start":{"line":199,"column":55},"end":{"line":199,"column":64}},{"start":{"line":199,"column":67},"end":{"line":199,"column":73}}],"line":199},"14":{"loc":{"start":{"line":220,"column":22},"end":{"line":220,"column":84}},"type":"binary-expr","locations":[{"start":{"line":220,"column":22},"end":{"line":220,"column":55}},{"start":{"line":220,"column":59},"end":{"line":220,"column":84}}],"line":220},"15":{"loc":{"start":{"line":226,"column":22},"end":{"line":226,"column":88}},"type":"binary-expr","locations":[{"start":{"line":226,"column":22},"end":{"line":226,"column":55}},{"start":{"line":226,"column":59},"end":{"line":226,"column":88}}],"line":226},"16":{"loc":{"start":{"line":238,"column":20},"end":{"line":238,"column":85}},"type":"binary-expr","locations":[{"start":{"line":238,"column":20},"end":{"line":238,"column":51}},{"start":{"line":238,"column":55},"end":{"line":238,"column":85}}],"line":238},"17":{"loc":{"start":{"line":245,"column":27},"end":{"line":245,"column":79}},"type":"cond-expr","locations":[{"start":{"line":245,"column":61},"end":{"line":245,"column":70}},{"start":{"line":245,"column":73},"end":{"line":245,"column":79}}],"line":245},"18":{"loc":{"start":{"line":252,"column":20},"end":{"line":252,"column":86}},"type":"binary-expr","locations":[{"start":{"line":252,"column":20},"end":{"line":252,"column":52}},{"start":{"line":252,"column":56},"end":{"line":252,"column":86}}],"line":252},"19":{"loc":{"start":{"line":259,"column":27},"end":{"line":259,"column":80}},"type":"cond-expr","locations":[{"start":{"line":259,"column":62},"end":{"line":259,"column":71}},{"start":{"line":259,"column":74},"end":{"line":259,"column":80}}],"line":259}},"s":{"0":0,"1":0,"2":0,"3":0,"4":0,"5":0,"6":0,"7":0,"8":0,"9":0,"10":0,"11":0,"12":0,"13":0,"14":0,"15":0,"16":0,"17":0,"18":0,"19":0,"20":0,"21":0,"22":0,"23":0,"24":0,"25":0,"26":0,"27":0,"28":0,"29":0,"30":0,"31":0,"32":0},"f":{"0":0,"1":0,"2":0,"3":0,"4":0,"5":0,"6":0,"7":0,"8":0,"9":0,"10":0,"11":0,"12":0,"13":0,"14":0,"15":0,"16":0,"17":0,"18":0,"19":0,"20":0,"21":0,"22":0,"23":0,"24":0,"25":0},"b":{"0":[0,0],"1":[0,0],"2":[0,0],"3":[0,0],"4":[0,0],"5":[0,0],"6":[0,0],"7":[0,0],"8":[0,0],"9":[0,0],"10":[0,0],"11":[0,0],"12":[0,0],"13":[0,0],"14":[0,0],"15":[0,0],"16":[0,0],"17":[0,0],"18":[0,0],"19":[0,0]}}
,"/Users/mariammathew/Desktop/pjts/grocery-shopping-app/components/EditScreenInfo.tsx": {"path":"/Users/mariammathew/Desktop/pjts/grocery-shopping-app/components/EditScreenInfo.tsx","statementMap":{"0":{"start":{"line":11,"column":2},"end":{"line":52,"column":4}},"1":{"start":{"line":55,"column":15},"end":{"line":83,"column":2}}},"fnMap":{"0":{"name":"EditScreenInfo","decl":{"start":{"line":10,"column":24},"end":{"line":10,"column":38}},"loc":{"start":{"line":10,"column":67},"end":{"line":53,"column":1}},"line":10}},"branchMap":{},"s":{"0":0,"1":0},"f":{"0":0},"b":{}}
,"/Users/mariammathew/Desktop/pjts/grocery-shopping-app/components/EmptyState.tsx": {"path":"/Users/mariammathew/Desktop/pjts/grocery-shopping-app/components/EmptyState.tsx","statementMap":{"0":{"start":{"line":6,"column":19},"end":{"line":25,"column":1}},"1":{"start":{"line":27,"column":15},"end":{"line":42,"column":1}},"2":{"start":{"line":44,"column":21},"end":{"line":47,"column":1}},"3":{"start":{"line":66,"column":24},"end":{"line":66,"column":45}},"4":{"start":{"line":68,"column":2},"end":{"line":74,"column":9}},"5":{"start":{"line":69,"column":4},"end":{"line":73,"column":15}},"6":{"start":{"line":76,"column":27},"end":{"line":99,"column":3}},"7":{"start":{"line":77,"column":4},"end":{"line":98,"column":5}},"8":{"start":{"line":79,"column":8},"end":{"line":82,"column":10}},"9":{"start":{"line":84,"column":8},"end":{"line":87,"column":10}},"10":{"start":{"line":89,"column":8},"end":{"line":92,"column":10}},"11":{"start":{"line":94,"column":8},"end":{"line":97,"column":10}},"12":{"start":{"line":101,"column":24},"end":{"line":101,"column":42}},"13":{"start":{"line":103,"column":2},"end":{"line":156,"column":4}},"14":{"start":{"line":159,"column":15},"end":{"line":213,"column":2}}},"fnMap":{"0":{"name":"EmptyState","decl":{"start":{"line":58,"column":24},"end":{"line":58,"column":34}},"loc":{"start":{"line":65,"column":20},"end":{"line":157,"column":1}},"line":65},"1":{"name":"(anonymous_1)","decl":{"start":{"line":68,"column":18},"end":{"line":68,"column":19}},"loc":{"start":{"line":68,"column":24},"end":{"line":74,"column":3}},"line":68},"2":{"name":"(anonymous_2)","decl":{"start":{"line":76,"column":27},"end":{"line":76,"column":28}},"loc":{"start":{"line":76,"column":33},"end":{"line":99,"column":3}},"line":76}},"branchMap":{"0":{"loc":{"start":{"line":64,"column":2},"end":{"line":64,"column":21}},"type":"default-arg","locations":[{"start":{"line":64,"column":12},"end":{"line":64,"column":21}}],"line":64},"1":{"loc":{"start":{"line":77,"column":4},"end":{"line":98,"column":5}},"type":"switch","locations":[{"start":{"line":78,"column":6},"end":{"line":82,"column":10}},{"start":{"line":83,"column":6},"end":{"line":87,"column":10}},{"start":{"line":88,"column":6},"end":{"line":92,"column":10}},{"start":{"line":93,"column":6},"end":{"line":97,"column":10}}],"line":77},"2":{"loc":{"start":{"line":137,"column":9},"end":{"line":153,"column":9}},"type":"binary-expr","locations":[{"start":{"line":137,"column":9},"end":{"line":137,"column":19}},{"start":{"line":137,"column":23},"end":{"line":137,"column":31}},{"start":{"line":138,"column":10},"end":{"line":152,"column":22}}],"line":137}},"s":{"0":0,"1":0,"2":0,"3":0,"4":0,"5":0,"6":0,"7":0,"8":0,"9":0,"10":0,"11":0,"12":0,"13":0,"14":0},"f":{"0":0,"1":0,"2":0},"b":{"0":[0],"1":[0,0,0,0],"2":[0,0,0]}}
,"/Users/mariammathew/Desktop/pjts/grocery-shopping-app/components/ExternalLink.tsx": {"path":"/Users/mariammathew/Desktop/pjts/grocery-shopping-app/components/ExternalLink.tsx","statementMap":{"0":{"start":{"line":9,"column":2},"end":{"line":23,"column":4}},"1":{"start":{"line":15,"column":8},"end":{"line":20,"column":9}},"2":{"start":{"line":17,"column":10},"end":{"line":17,"column":29}},"3":{"start":{"line":19,"column":10},"end":{"line":19,"column":60}}},"fnMap":{"0":{"name":"ExternalLink","decl":{"start":{"line":6,"column":16},"end":{"line":6,"column":28}},"loc":{"start":{"line":8,"column":2},"end":{"line":24,"column":1}},"line":8},"1":{"name":"(anonymous_1)","decl":{"start":{"line":14,"column":15},"end":{"line":14,"column":16}},"loc":{"start":{"line":14,"column":22},"end":{"line":21,"column":7}},"line":14}},"branchMap":{"0":{"loc":{"start":{"line":15,"column":8},"end":{"line":20,"column":9}},"type":"if","locations":[{"start":{"line":15,"column":8},"end":{"line":20,"column":9}},{"start":{},"end":{}}],"line":15}},"s":{"0":0,"1":0,"2":0,"3":0},"f":{"0":0,"1":0},"b":{"0":[0,0]}}
,"/Users/mariammathew/Desktop/pjts/grocery-shopping-app/components/ListTemplatesModal.tsx": {"path":"/Users/mariammathew/Desktop/pjts/grocery-shopping-app/components/ListTemplatesModal.tsx","statementMap":{"0":{"start":{"line":27,"column":34},"end":{"line":381,"column":1}},"1":{"start":{"line":388,"column":31},"end":{"line":391,"column":3}},"2":{"start":{"line":389,"column":4},"end":{"line":389,"column":31}},"3":{"start":{"line":390,"column":4},"end":{"line":390,"column":14}},"4":{"start":{"line":393,"column":2},"end":{"line":438,"column":4}},"5":{"start":{"line":401,"column":12},"end":{"line":429,"column":24}},"6":{"start":{"line":404,"column":29},"end":{"line":404,"column":59}},"7":{"start":{"line":425,"column":43},"end":{"line":425,"column":75}},"8":{"start":{"line":441,"column":15},"end":{"line":523,"column":2}}},"fnMap":{"0":{"name":"ListTemplatesModal","decl":{"start":{"line":383,"column":24},"end":{"line":383,"column":42}},"loc":{"start":{"line":387,"column":28},"end":{"line":439,"column":1}},"line":387},"1":{"name":"(anonymous_1)","decl":{"start":{"line":388,"column":31},"end":{"line":388,"column":32}},"loc":{"start":{"line":388,"column":59},"end":{"line":391,"column":3}},"line":388},"2":{"name":"(anonymous_2)","decl":{"start":{"line":400,"column":25},"end":{"line":400,"column":26}},"loc":{"start":{"line":401,"column":12},"end":{"line":429,"column":24}},"line":401},"3":{"name":"(anonymous_3)","decl":{"start":{"line":404,"column":23},"end":{"line":404,"column":24}},"loc":{"start":{"line":404,"column":29},"end":{"line":404,"column":59}},"line":404},"4":{"name":"(anonymous_4)","decl":{"start":{"line":425,"column":28},"end":{"line":425,"column":29}},"loc":{"start":{"line":425,"column":43},"end":{"line":425,"column":75}},"line":425}},"branchMap":{},"s":{"0":0,"1":0,"2":0,"3":0,"4":0,"5":0,"6":0,"7":0,"8":0},"f":{"0":0,"1":0,"2":0,"3":0,"4":0},"b":{}}
,"/Users/mariammathew/Desktop/pjts/grocery-shopping-app/components/ModernButton.tsx": {"path":"/Users/mariammathew/Desktop/pjts/grocery-shopping-app/components/ModernButton.tsx","statementMap":{"0":{"start":{"line":38,"column":24},"end":{"line":38,"column":45}},"1":{"start":{"line":40,"column":24},"end":{"line":45,"column":3}},"2":{"start":{"line":41,"column":4},"end":{"line":44,"column":15}},"3":{"start":{"line":47,"column":25},"end":{"line":52,"column":3}},"4":{"start":{"line":48,"column":4},"end":{"line":51,"column":15}},"5":{"start":{"line":54,"column":25},"end":{"line":90,"column":3}},"6":{"start":{"line":55,"column":33},"end":{"line":59,"column":5}},"7":{"start":{"line":61,"column":4},"end":{"line":89,"column":5}},"8":{"start":{"line":63,"column":8},"end":{"line":67,"column":10}},"9":{"start":{"line":69,"column":8},"end":{"line":73,"column":10}},"10":{"start":{"line":75,"column":8},"end":{"line":80,"column":10}},"11":{"start":{"line":82,"column":8},"end":{"line":86,"column":10}},"12":{"start":{"line":88,"column":8},"end":{"line":88,"column":25}},"13":{"start":{"line":92,"column":23},"end":{"line":149,"column":3}},"14":{"start":{"line":93,"column":31},"end":{"line":95,"column":5}},"15":{"start":{"line":98,"column":4},"end":{"line":122,"column":5}},"16":{"start":{"line":100,"column":8},"end":{"line":103,"column":10}},"17":{"start":{"line":104,"column":8},"end":{"line":104,"column":14}},"18":{"start":{"line":106,"column":8},"end":{"line":109,"column":10}},"19":{"start":{"line":110,"column":8},"end":{"line":110,"column":14}},"20":{"start":{"line":112,"column":8},"end":{"line":115,"column":10}},"21":{"start":{"line":116,"column":8},"end":{"line":116,"column":14}},"22":{"start":{"line":118,"column":8},"end":{"line":121,"column":10}},"23":{"start":{"line":125,"column":4},"end":{"line":148,"column":5}},"24":{"start":{"line":127,"column":8},"end":{"line":130,"column":10}},"25":{"start":{"line":132,"column":8},"end":{"line":135,"column":10}},"26":{"start":{"line":137,"column":8},"end":{"line":140,"column":10}},"27":{"start":{"line":142,"column":8},"end":{"line":145,"column":10}},"28":{"start":{"line":147,"column":8},"end":{"line":147,"column":25}},"29":{"start":{"line":151,"column":24},"end":{"line":186,"column":3}},"30":{"start":{"line":152,"column":4},"end":{"line":158,"column":5}},"31":{"start":{"line":153,"column":6},"end":{"line":157,"column":8}},"32":{"start":{"line":160,"column":26},"end":{"line":168,"column":12}},"33":{"start":{"line":170,"column":4},"end":{"line":185,"column":6}},"34":{"start":{"line":188,"column":2},"end":{"line":198,"column":4}},"35":{"start":{"line":201,"column":15},"end":{"line":256,"column":2}}},"fnMap":{"0":{"name":"ModernButton","decl":{"start":{"line":26,"column":24},"end":{"line":26,"column":36}},"loc":{"start":{"line":37,"column":22},"end":{"line":199,"column":1}},"line":37},"1":{"name":"(anonymous_1)","decl":{"start":{"line":40,"column":24},"end":{"line":40,"column":25}},"loc":{"start":{"line":40,"column":30},"end":{"line":45,"column":3}},"line":40},"2":{"name":"(anonymous_2)","decl":{"start":{"line":47,"column":25},"end":{"line":47,"column":26}},"loc":{"start":{"line":47,"column":31},"end":{"line":52,"column":3}},"line":47},"3":{"name":"(anonymous_3)","decl":{"start":{"line":54,"column":25},"end":{"line":54,"column":26}},"loc":{"start":{"line":54,"column":42},"end":{"line":90,"column":3}},"line":54},"4":{"name":"(anonymous_4)","decl":{"start":{"line":92,"column":23},"end":{"line":92,"column":24}},"loc":{"start":{"line":92,"column":40},"end":{"line":149,"column":3}},"line":92},"5":{"name":"(anonymous_5)","decl":{"start":{"line":151,"column":24},"end":{"line":151,"column":25}},"loc":{"start":{"line":151,"column":30},"end":{"line":186,"column":3}},"line":151}},"branchMap":{"0":{"loc":{"start":{"line":29,"column":2},"end":{"line":29,"column":21}},"type":"default-arg","locations":[{"start":{"line":29,"column":12},"end":{"line":29,"column":21}}],"line":29},"1":{"loc":{"start":{"line":30,"column":2},"end":{"line":30,"column":17}},"type":"default-arg","locations":[{"start":{"line":30,"column":9},"end":{"line":30,"column":17}}],"line":30},"2":{"loc":{"start":{"line":32,"column":2},"end":{"line":32,"column":23}},"type":"default-arg","locations":[{"start":{"line":32,"column":17},"end":{"line":32,"column":23}}],"line":32},"3":{"loc":{"start":{"line":33,"column":2},"end":{"line":33,"column":18}},"type":"default-arg","locations":[{"start":{"line":33,"column":13},"end":{"line":33,"column":18}}],"line":33},"4":{"loc":{"start":{"line":34,"column":2},"end":{"line":34,"column":17}},"type":"default-arg","locations":[{"start":{"line":34,"column":12},"end":{"line":34,"column":17}}],"line":34},"5":{"loc":{"start":{"line":58,"column":15},"end":{"line":58,"column":33}},"type":"cond-expr","locations":[{"start":{"line":58,"column":26},"end":{"line":58,"column":29}},{"start":{"line":58,"column":32},"end":{"line":58,"column":33}}],"line":58},"6":{"loc":{"start":{"line":61,"column":4},"end":{"line":89,"column":5}},"type":"switch","locations":[{"start":{"line":62,"column":6},"end":{"line":67,"column":10}},{"start":{"line":68,"column":6},"end":{"line":73,"column":10}},{"start":{"line":74,"column":6},"end":{"line":80,"column":10}},{"start":{"line":81,"column":6},"end":{"line":86,"column":10}},{"start":{"line":87,"column":6},"end":{"line":88,"column":25}}],"line":61},"7":{"loc":{"start":{"line":98,"column":4},"end":{"line":122,"column":5}},"type":"switch","locations":[{"start":{"line":99,"column":6},"end":{"line":104,"column":14}},{"start":{"line":105,"column":6},"end":{"line":110,"column":14}},{"start":{"line":111,"column":6},"end":{"line":116,"column":14}},{"start":{"line":117,"column":6},"end":{"line":121,"column":10}}],"line":98},"8":{"loc":{"start":{"line":125,"column":4},"end":{"line":148,"column":5}},"type":"switch","locations":[{"start":{"line":126,"column":6},"end":{"line":130,"column":10}},{"start":{"line":131,"column":6},"end":{"line":135,"column":10}},{"start":{"line":136,"column":6},"end":{"line":140,"column":10}},{"start":{"line":141,"column":6},"end":{"line":145,"column":10}},{"start":{"line":146,"column":6},"end":{"line":147,"column":25}}],"line":125},"9":{"loc":{"start":{"line":152,"column":4},"end":{"line":158,"column":5}},"type":"if","locations":[{"start":{"line":152,"column":4},"end":{"line":158,"column":5}},{"start":{},"end":{}}],"line":152},"10":{"loc":{"start":{"line":160,"column":26},"end":{"line":168,"column":12}},"type":"cond-expr","locations":[{"start":{"line":161,"column":6},"end":{"line":167,"column":8}},{"start":{"line":168,"column":8},"end":{"line":168,"column":12}}],"line":160},"11":{"loc":{"start":{"line":163,"column":14},"end":{"line":163,"column":64}},"type":"cond-expr","locations":[{"start":{"line":163,"column":33},"end":{"line":163,"column":35}},{"start":{"line":163,"column":38},"end":{"line":163,"column":64}}],"line":163},"12":{"loc":{"start":{"line":163,"column":38},"end":{"line":163,"column":64}},"type":"cond-expr","locations":[{"start":{"line":163,"column":57},"end":{"line":163,"column":59}},{"start":{"line":163,"column":62},"end":{"line":163,"column":64}}],"line":163},"13":{"loc":{"start":{"line":165,"column":10},"end":{"line":165,"column":79}},"type":"cond-expr","locations":[{"start":{"line":165,"column":61},"end":{"line":165,"column":67}},{"start":{"line":165,"column":70},"end":{"line":165,"column":79}}],"line":165},"14":{"loc":{"start":{"line":165,"column":10},"end":{"line":165,"column":58}},"type":"binary-expr","locations":[{"start":{"line":165,"column":10},"end":{"line":165,"column":31}},{"start":{"line":165,"column":35},"end":{"line":165,"column":58}}],"line":165},"15":{"loc":{"start":{"line":177,"column":9},"end":{"line":179,"column":9}},"type":"binary-expr","locations":[{"start":{"line":177,"column":9},"end":{"line":177,"column":13}},{"start":{"line":177,"column":17},"end":{"line":177,"column":40}},{"start":{"line":178,"column":10},"end":{"line":178,"column":62}}],"line":177},"16":{"loc":{"start":{"line":181,"column":9},"end":{"line":183,"column":9}},"type":"binary-expr","locations":[{"start":{"line":181,"column":9},"end":{"line":181,"column":13}},{"start":{"line":181,"column":17},"end":{"line":181,"column":41}},{"start":{"line":182,"column":10},"end":{"line":182,"column":63}}],"line":181},"17":{"loc":{"start":{"line":194,"column":16},"end":{"line":194,"column":35}},"type":"binary-expr","locations":[{"start":{"line":194,"column":16},"end":{"line":194,"column":24}},{"start":{"line":194,"column":28},"end":{"line":194,"column":35}}],"line":194}},"s":{"0":0,"1":0,"2":0,"3":0,"4":0,"5":0,"6":0,"7":0,"8":0,"9":0,"10":0,"11":0,"12":0,"13":0,
[...]
h":"/Users/mariammathew/Desktop/pjts/grocery-shopping-app/components/Skeleton.tsx","statementMap":{"0":{"start":{"line":5,"column":15},"end":{"line":13,"column":1}},"1":{"start":{"line":30,"column":24},"end":{"line":30,"column":45}},"2":{"start":{"line":32,"column":2},"end":{"line":49,"column":41}},"3":{"start":{"line":33,"column":22},"end":{"line":46,"column":5}},"4":{"start":{"line":47,"column":4},"end":{"line":47,"column":22}},"5":{"start":{"line":48,"column":4},"end":{"line":48,"column":34}},"6":{"start":{"line":48,"column":17},"end":{"line":48,"column":33}},"7":{"start":{"line":51,"column":18},"end":{"line":54,"column":4}},"8":{"start":{"line":56,"column":2},"end":{"line":69,"column":4}},"9":{"start":{"line":73,"column":28},"end":{"line":86,"column":1}},"10":{"start":{"line":74,"column":2},"end":{"line":85,"column":9}},"11":{"start":{"line":88,"column":28},"end":{"line":101,"column":1}},"12":{"start":{"line":89,"column":2},"end":{"line":100,"column":9}},"13":{"start":{"line":91,"column":6},"end":{"line":98,"column":13}},"14":{"start":{"line":103,"column":32},"end":{"line":113,"column":1}},"15":{"start":{"line":104,"column":2},"end":{"line":112,"column":9}},"16":{"start":{"line":106,"column":6},"end":{"line":110,"column":13}},"17":{"start":{"line":115,"column":15},"end":{"line":180,"column":2}}},"fnMap":{"0":{"name":"Skeleton","decl":{"start":{"line":23,"column":24},"end":{"line":23,"column":32}},"loc":{"start":{"line":29,"column":18},"end":{"line":70,"column":1}},"line":29},"1":{"name":"(anonymous_1)","decl":{"start":{"line":32,"column":18},"end":{"line":32,"column":19}},"loc":{"start":{"line":32,"column":24},"end":{"line":49,"column":3}},"line":32},"2":{"name":"(anonymous_2)","decl":{"start":{"line":48,"column":11},"end":{"line":48,"column":12}},"loc":{"start":{"line":48,"column":17},"end":{"line":48,"column":33}},"line":48},"3":{"name":"(anonymous_3)","decl":{"start":{"line":73,"column":28},"end":{"line":73,"column":29}},"loc":{"start":{"line":74,"column":2},"end":{"line":85,"column":9}},"line":74},"4":{"name":"(anonymous_4)","decl":{"start":{"line":88,"column":28},"end":{"line":88,"column":29}},"loc":{"start":{"line":89,"column":2},"end":{"line":100,"column":9}},"line":89},"5":{"name":"(anonymous_5)","decl":{"start":{"line":90,"column":35},"end":{"line":90,"column":36}},"loc":{"start":{"line":91,"column":6},"end":{"line":98,"column":13}},"line":91},"6":{"name":"(anonymous_6)","decl":{"start":{"line":103,"column":32},"end":{"line":103,"column":33}},"loc":{"start":{"line":104,"column":2},"end":{"line":112,"column":9}},"line":104},"7":{"name":"(anonymous_7)","decl":{"start":{"line":105,"column":35},"end":{"line":105,"column":36}},"loc":{"start":{"line":106,"column":6},"end":{"line":110,"column":13}},"line":106}},"branchMap":{"0":{"loc":{"start":{"line":24,"column":2},"end":{"line":24,"column":16}},"type":"default-arg","locations":[{"start":{"line":24,"column":10},"end":{"line":24,"column":16}}],"line":24},"1":{"loc":{"start":{"line":25,"column":2},"end":{"line":25,"column":13}},"type":"default-arg","locations":[{"start":{"line":25,"column":11},"end":{"line":25,"column":13}}],"line":25},"2":{"loc":{"start":{"line":26,"column":2},"end":{"line":26,"column":32}},"type":"default-arg","locations":[{"start":{"line":26,"column":17},"end":{"line":26,"column":32}}],"line":26},"3":{"loc":{"start":{"line":28,"column":2},"end":{"line":28,"column":26}},"type":"default-arg","locations":[{"start":{"line":28,"column":22},"end":{"line":28,"column":26}}],"line":28}},"s":{"0":0,"1":0,"2":0,"3":0,"4":0,"5":0,"6":0,"7":0,"8":0,"9":0,"10":0,"11":0,"12":0,"13":0,"14":0,"15":0,"16":0,"17":0},"f":{"0":0,"1":0,"2":0,"3":0,"4":0,"5":0,"6":0,"7":0},"b":{"0":[0],"1":[0],"2":[0],"3":[0]}}
,"/Users/mariammathew/Desktop/pjts/grocery-shopping-app/components/StyledText.tsx": {"path":"/Users/mariammathew/Desktop/pjts/grocery-shopping-app/components/StyledText.tsx","statementMap":{"0":{"start":{"line":4,"column":2},"end":{"line":4,"column":80}}},"fnMap":{"0":{"name":"MonoText","decl":{"start":{"line":3,"column":16},"end":{"line":3,"column":24}},"loc":{"start":{"line":3,"column":43},"end":{"line":5,"column":1}},"line":3}},"branchMap":{},"s":{"0":0},"f":{"0":0},"b":{}}
,"/Users/mariammathew/Desktop/pjts/grocery-shopping-app/components/Themed.tsx": {"path":"/Users/mariammathew/Desktop/pjts/grocery-shopping-app/components/Themed.tsx","statementMap":{"0":{"start":{"line":23,"column":16},"end":{"line":23,"column":43}},"1":{"start":{"line":24,"column":25},"end":{"line":24,"column":59}},"2":{"start":{"line":26,"column":2},"end":{"line":30,"column":3}},"3":{"start":{"line":27,"column":4},"end":{"line":27,"column":26}},"4":{"start":{"line":29,"column":4},"end":{"line":29,"column":36}},"5":{"start":{"line":34,"column":58},"end":{"line":34,"column":63}},"6":{"start":{"line":35,"column":16},"end":{"line":35,"column":77}},"7":{"start":{"line":37,"column":2},"end":{"line":37,"column":68}},"8":{"start":{"line":41,"column":58},"end":{"line":41,"column":63}},"9":{"start":{"line":42,"column":26},"end":{"line":45,"column":3}},"10":{"start":{"line":47,"column":2},"end":{"line":47,"column":78}}},"fnMap":{"0":{"name":"useThemeColor","decl":{"start":{"line":19,"column":16},"end":{"line":19,"column":29}},"loc":{"start":{"line":22,"column":2},"end":{"line":31,"column":1}},"line":22},"1":{"name":"Text","decl":{"start":{"line":33,"column":16},"end":{"line":33,"column":20}},"loc":{"start":{"line":33,"column":39},"end":{"line":38,"column":1}},"line":33},"2":{"name":"View","decl":{"start":{"line":40,"column":16},"end":{"line":40,"column":20}},"loc":{"start":{"line":40,"column":39},"end":{"line":48,"column":1}},"line":40}},"branchMap":{"0":{"loc":{"start":{"line":23,"column":16},"end":{"line":23,"column":43}},"type":"binary-expr","locations":[{"start":{"line":23,"column":16},"end":{"line":23,"column":32}},{"start":{"line":23,"column":36},"end":{"line":23,"column":43}}],"line":23},"1":{"loc":{"start":{"line":26,"column":2},"end":{"line":30,"column":3}},"type":"if","locations":[{"start":{"line":26,"column":2},"end":{"line":30,"column":3}},{"start":{"line":28,"column":9},"end":{"line":30,"column":3}}],"line":26}},"s":{"0":0,"1":0,"2":0,"3":0,"4":0,"5":0,"6":0,"7":0,"8":0,"9":0,"10":0},"f":{"0":0,"1":0,"2":0},"b":{"0":[0,0],"1":[0,0]}}
,"/Users/mariammathew/Desktop/pjts/grocery-shopping-app/components/useClientOnlyValue.ts": {"path":"/Users/mariammathew/Desktop/pjts/grocery-shopping-app/components/useClientOnlyValue.ts","statementMap":{"0":{"start":{"line":3,"column":2},"end":{"line":3,"column":16}}},"fnMap":{"0":{"name":"useClientOnlyValue","decl":{"start":{"line":2,"column":16},"end":{"line":2,"column":34}},"loc":{"start":{"line":2,"column":70},"end":{"line":4,"column":1}},"line":2}},"branchMap":{},"s":{"0":0},"f":{"0":0},"b":{}}
,"/Users/mariammathew/Desktop/pjts/grocery-shopping-app/components/useClientOnlyValue.web.ts": {"path":"/Users/mariammathew/Desktop/pjts/grocery-shopping-app/components/useClientOnlyValue.web.ts","statementMap":{"0":{"start":{"line":6,"column":28},"end":{"line":6,"column":57}},"1":{"start":{"line":7,"column":2},"end":{"line":9,"column":15}},"2":{"start":{"line":8,"column":4},"end":{"line":8,"column":21}},"3":{"start":{"line":11,"column":2},"end":{"line":11,"column":15}}},"fnMap":{"0":{"name":"useClientOnlyValue","decl":{"start":{"line":5,"column":16},"end":{"line":5,"column":34}},"loc":{"start":{"line":5,"column":70},"end":{"line":12,"column":1}},"line":5},"1":{"name":"(anonymous_1)","decl":{"start":{"line":7,"column":18},"end":{"line":7,"column":19}},"loc":{"start":{"line":7,"column":24},"end":{"line":9,"column":3}},"line":7}},"branchMap":{},"s":{"0":0,"1":0,"2":0,"3":0},"f":{"0":0,"1":0},"b":{}}
,"/Users/mariammathew/Desktop/pjts/grocery-shopping-app/components/useColorScheme.ts": {"path":"/Users/mariammathew/Desktop/pjts/grocery-shopping-app/components/useColorScheme.ts","statementMap":{"0":{"start":{"line":3,"column":30},"end":{"line":8,"column":1}},"1":{"start":{"line":4,"column":21},"end":{"line":4,"column":41}},"2":{"start":{"line":5,"column":2},"end":{"line":7,"column":17}}},"fnMap":{"0":{"name":"(anonymous_0)","decl":{"start":{"line":3,"column":30},"end":{"line":3,"column":31}},"loc":{"start":{"line":3,"column":36},"end":{"line":8,"column":1}},"line":3}},"branchMap":{"0":{"loc":{"start":{"line":5,"column":9},"end":{"line":7,"column":16}},"type":"cond-expr","locations":[{"start":{"line":6,"column":6},"end":{"line":6,"column":13}},{"start":{"line":7,"column":6},"end":{"line":7,"column":16}}],"line":5},"1":{"loc":{"start":{"line":5,"column":9},"end":{"line":5,"column":61}},"type":"binary-expr","locations":[{"start":{"line":5,"column":9},"end":{"line":5,"column":20}},{"start":{"line":5,"column":24},"end":{"line":5,"column":61}}],"line":5}},"s":{"0":0,"1":0,"2":0},"f":{"0":0},"b":{"0":[0,0],"1":[0,0]}}
,"/Users/mariammathew/Desktop/pjts/grocery-shopping-app/components/useColorScheme.web.ts": {"path":"/Users/mariammathew/Desktop/pjts/grocery-shopping-app/components/useColorScheme.web.ts","statementMap":{"0":{"start":{"line":7,"column":2},"end":{"line":7,"column":17}}},"fnMap":{"0":{"name":"useColorScheme","decl":{"start":{"line":6,"column":16},"end":{"line":6,"column":30}},"loc":{"start":{"line":6,"column":33},"end":{"line":8,"column":1}},"line":6}},"branchMap":{},"s":{"0":0},"f":{"0":0},"b":{}}
,"/Users/mariammathew/Desktop/pjts/grocery-shopping-app/context/ShoppingContext.tsx": {"path":"/Users/mariammathew/Desktop/pjts/grocery-shopping-app/context/ShoppingContext.tsx","statementMap":{"0":{"start":{"line":27,"column":36},"end":{"line":36,"column":1}},"1":{"start":{"line":39,"column":2},"end":{"line":193,"column":3}},"2":{"start":{"line":41,"column":36},"end":{"line":46,"column":7}},"3":{"start":{"line":47,"column":6},"end":{"line":50,"column":8}},"4":{"start":{"line":54,"column":6},"end":{"line":64,"column":8}},"5":{"start":{"line":57,"column":10},"end":{"line":59,"column":18}},"6":{"start":{"line":68,"column":6},"end":{"line":72,"column":8}},"7":{"start":{"line":70,"column":42},"end":{"line":70,"column":68}},"8":{"start":{"line":76,"column":6},"end":{"line":76,"column":54}},"9":{"start":{"line":79,"column":36},"end":{"line":83,"column":7}},"10":{"start":{"line":84,"column":6},"end":{"line":94,"column":8}},"11":{"start":{"line":87,"column":10},"end":{"line":89,"column":18}},"12":{"start":{"line":98,"column":6},"end":{"line":124,"column":8}},"13":{"start":{"line":101,"column":10},"end":{"line":111,"column":18}},"14":{"start":{"line":105,"column":18},"end":{"line":107,"column":26}},"15":{"start":{"line":117,"column":16},"end":{"line":119,"column":24}},"16":{"start":{"line":128,"column":6},"end":{"line":146,"column":8}},"17":{"start":{"line":131,"column":10},"end":{"line":137,"column":18}},"18":{"start":{"line":134,"column":49},"end":{"line":134,"column":82}},"19":{"start":{"line":142,"column":59},"end":{"line":142,"column":92}},"20":{"start":{"line":150,"column":6},"end":{"line":176,"column":8}},"21":{"start":{"line":153,"column":10},"end":{"line":163,"column":18}},"22":{"start":{"line":157,"column":18},"end":{"line":159,"column":26}},"23":{"start":{"line":169,"column":16},"end":{"line":171,"column":24}},"24":{"start":{"line":180,"column":6},"end":{"line":183,"column":8}},"25":{"start":{"line":186,"column":6},"end":{"line":189,"column":8}},"26":{"start":{"line":192,"column":6},"end":{"line":192,"column":19}},"27":{"start":{"line":196,"column":24},"end":{"line":199,"column":15}},"28":{"start":{"line":202,"column":28},"end":{"line":202,"column":69}},"29":{"start":{"line":204,"column":2},"end":{"line":208,"column":4}},"30":{"start":{"line":212,"column":18},"end":{"line":212,"column":45}},"31":{"start":{"line":213,"column":2},"end":{"line":215,"column":3}},"32":{"start":{"line":214,"column":4},"end":{"line":214,"column":74}},"33":{"start":{"line":216,"column":2},"end":{"line":216,"column":17}}},"fnMap":{"0":{"name":"shoppingReducer","decl":{"start":{"line":38,"column":9},"end":{"line":38,"column":24}},"loc":{"start":{"line":38,"column":86},"end":{"line":194,"column":1}},"line":38},"1":{"name":"(anonymous_1)","decl":{"start":{"line":56,"column":31},"end":{"line":56,"column":32}},"loc":{"start":{"line":57,"column":10},"end":{"line":59,"column":18}},"line":57},"2":{"name":"(anonymous_2)","decl":{"start":{"line":70,"column":34},"end":{"line":70,"column":35}},"loc":{"start":{"line":70,"column":42},"end":{"line":70,"column":68}},"line":70},"3":{"name":"(anonymous_3)","decl":{"start":{"line":86,"column":31},"end":{"line":86,"column":32}},"loc":{"start":{"line":87,"column":10},"end":{"line":89,"column":18}},"line":87},"4":{"name":"(anonymous_4)","decl":{"start":{"line":100,"column":31},"end":{"line":100,"column":32}},"loc":{"start":{"line":101,"column":10},"end":{"line":111,"column":18}},"line":101},"5":{"name":"(anonymous_5)","decl":{"start":{"line":104,"column":38},"end":{"line":104,"column":39}},"loc":{"start":{"line":105,"column":18},"end":{"line":107,"column":26}},"line":105},"6":{"name":"(anonymous_6)","decl":{"start":{"line":116,"column":48},"end":{"line":116,"column":49}},"loc":{"start":{"line":117,"column":16},"end":{"line":119,"column":24}},"line":117},"7":{"name":"(anonymous_7)","decl":{"start":{"line":130,"column":31},"end":{"line":130,"column":32}},"loc":{"start":{"line":131,"column":10},"end":{"line":137,"column":18}},"line":131},"8":{"name":"(anonymous_8)","decl":{"start":{"line":134,"column":41},"end":{"line":134,"column":42}},"loc":{"start":{"line":134,"column":49},"end":{"line":134,"column":82}},"line":134},"9":{"name":"(anonymous_9)","decl":{"start":{"line":142,"column":51},"end":{"line":142,"column":52}},"loc":{"start":{"line":142,"column":59},"end":{"line":142,"column":92}},"line":142},"10":{"name":"(anonymous_10)","decl":{"start":{"line":152,"column":31},"end":{"line":152,"column":32}},"loc":{"start":{"line":153,"column":10},"end":{"line":163,"column":18}},"line":153},"11":{"name":"(anonymous_11)","decl":{"start":{"line":156,"column":38},"end":{"line":156,"column":39}},"loc":{"start":{"line":157,"column":18},"end":{"line":159,"column":26}},"line":157},"12":{"name":"(anonymous_12)","decl":{"start":{"line":168,"column":48},"end":{"line":168,"column":49}},"loc":{"start":{"line":169,"column":16},"end":{"line":171,"column":24}},"line":169},"13":{"name":"ShoppingProvider","decl":{"start":{"line":201,"column":16},"end":{"line":201,"column":32}},"loc":{"start":{"line":201,"column":72},"end":{"line":209,"column":1}},"line":201},"14":{"name":"useShopping","decl":{"start":{"line":211,"column":16},"end":{"line":211,"column":27}},"loc":{"start":{"line":211,"column":30},"end":{"line":217,"column":1}},"line":211}},"branchMap":{"0":{"loc":{"start":{"line":39,"column":2},"end":{"line":193,"column":3}},"type":"switch","locations":[{"start":{"line":40,"column":4},"end":{"line":51,"column":5}},{"start":{"line":53,"column":4},"end":{"line":65,"column":5}},{"start":{"line":67,"column":4},"end":{"line":73,"column":5}},{"start":{"line":75,"column":4},"end":{"line":76,"column":54}},{"start":{"line":78,"column":4},"end":{"line":95,"column":5}},{"start":{"line":97,"column":4},"end":{"line":125,"column":5}},{"start":{"line":127,"column":4},"end":{"line":147,"column":5}},{"start":{"line":149,"column":4},"end":{"line":177,"column":5}},{"start":{"line":179,"column":4},"end":{"line":183,"column":8}},{"start":{"line":185,"column":4},"end":{"line":189,"column":8}},{"start":{"line":191,"column":4},"end":{"line":192,"column":19}}],"line":39},"1":{"loc":{"start":{"line":57,"column":10},"end":{"line":59,"column":18}},"type":"cond-expr","locations":[{"start":{"line":58,"column":14},"end":{"line":58,"column":75}},{"start":{"line":59,"column":14},"end":{"line":59,"column":18}}],"line":57},"2":{"loc":{"start":{"line":61,"column":20},"end":{"line":63,"column":28}},"type":"cond-expr","locations":[{"start":{"line":62,"column":12},"end":{"line":62,"column":85}},{"start":{"line":63,"column":12},"end":{"line":63,"column":28}}],"line":61},"3":{"loc":{"start":{"line":71,"column":20},"end":{"line":71,"column":85}},"type":"cond-expr","locations":[{"start":{"line":71,"column":62},"end":{"line":71,"column":66}},{"start":{"line":71,"column":69},"end":{"line":71,"column":85}}],"line":71},"4":{"loc":{"start":{"line":87,"column":10},"end":{"line":89,"column":18}},"type":"cond-expr","locations":[{"start":{"line":88,"column":14},"end":{"line":88,"column":81}},{"start":{"line":89,"column":14},"end":{"line":89,"column":18}}],"line":87},"5":{"loc":{"start":{"line":91,"column":20},"end":{"line":93,"column":28}},"type":"cond-expr","locations":[{"start":{"line":92,"column":12},"end":{"line":92,"column":103}},{"start":{"line":93,"column":12},"end":{"line":93,"column":28}}],"line":91},"6":{"loc":{"start":{"line":101,"column":10},"end":{"line":111,"column":18}},"type":"cond-expr","locations":[{"start":{"line":102,"column":14},"end":{"line":110,"column":15}},{"start":{"line":111,"column":14},"end":{"line":111,"column":18}}],"line":101},"7":{"loc":{"start":{"line":105,"column":18},"end":{"line":107,"column":26}},"type":"cond-expr","locations":[{"start":{"line":106,"column":22},"end":{"line":106,"column":60}},{"start":{"line":107,"column":22},"end":{"line":107,"column":26}}],"line":105},"8":{"loc":{"start":{"line":113,"column":20},"end":{"line":123,"column":28}},"type":"cond-expr","locations":[{"start":{"line":114,"column":12},"end":{"line":122,"column":13}},{"start":{"line":123,"column":12},"end":{"line":123,"column":28}}],"line":113},"9":{"loc":{"start":{"line":117,"column":16},"end":{"line":119,"column":24}},"type":"cond-expr","locations":[{"start":{"line":118,"column":20},"end":{"line":118,"column":58}},{"start":{"line":119,"column":20},"end":{"line":119,"column":24}}],"line":117},"10":{"loc":{"start":{"line":131,"column":10},"end":{"line":137,"column":18}},"type":"cond-expr","locations":[{"start":{"line":132,"column":14},"end":{"line":136,"column":15}},{"start":{"line":137,"column":14},"end":{"line":137,"column":18}}],"line":131},"11":{"loc":{"start":{"line":139,"column":20},"end":{"line":145,"column":28}},"type":"cond-expr","locations":[{"start":{"line":140,"column":12},"end":{"line":144,"column":13}},{"start":{"line":145,"column":12},"end":{"line":145,"column":28}}],"line":139},"12":{"loc":{"start":{"line":153,"column":10},"end":{"line":163,"column":18}},"type":"cond-expr","locations":[{"start":{"line":154,"column":14},"end":{"line":162,"column":15}},{"start":{"line":163,"column":14},"end":{"line":163,"column":18}}],"line":153},"13":{"loc":{"start":{"line":157,"column":18},"end":{"line":159,"column":26}},"type":"cond-expr","locations":[{"start":{"line":158,"column":22},"end":{"line":158,"column":57}},{"start":{"line":159,"column":22},"end":{"line":159,"column":26}}],"line":157},"14":{"loc":{"start":{"line":165,"column":20},"end":{"line":175,"column":28}},"type":"cond-expr","locations":[{"start":{"line":166,"column":12},"end":{"line":174,"column":13}},{"start":{"line":175,"column":12},"end":{"line":175,"column":28}}],"line":165},"15":{"loc":{"start":{"line":169,"column":16},"end":{"line":171,"column":24}},"type":"cond-expr","locations":[{"start":{"line":170,"column":20},"end":{"line":170,"column":55}},{"start":{"line":171,"column":20},"end":{"line":171,"column":24}}],"line":169},"16":{"loc":{"start":{"line":213,"column":2},"end":{"line":215,"column":3}},"type":"if","locations":[{"start":{"line":213,"column":2},"end":{"line":215,"column":3}},{"start":{},"end":{}}],"line":213}},"s":{"0":0,"1":0,"2":0,"3":0,"4":0,"5":0,"6":0,"7":0,"8":0,"9":0,"10":0,"11":0,"12":0,"13":0,"14":0,"15":0,"16":0,"17":0,"18":0,"19":0,"20":0,"21":0,"22":0,"23":0,"24":0,"25":0,"26":0,"27":0,"28":0,"29":0,"30":0,"31":0,"32":0,"33":0},"f":{"0":0,"1":0,"2":0,"3":0,"4":0,"5":0,"6":0,"7":0,"8":0,"9":0,"10":0,"11":0,"12":0,"13":0,"14":0},"b":{"0":[0,0,0,0,0,0,0,0,0,0,0],"1":[0,0],"2":[0,0],"3":[0,0],"4":[0,0],"5":[0,0],"6":[0,0],"7":[0,0],"8":[0,0],"9":[0,0],"10":[0,0],"11":[0,0],"12":[0,0],"13":[0,0],"14":[0,0],"15":[0,0],"16":[0,0]}}
}
