TN:
SF:app/+html.tsx
FN:7,Root
FNF:1
FNH:0
FNDA:0,Root
DA:8,0
DA:30,0
LF:2
LH:0
BRF:0
BRH:0
end_of_record
TN:
SF:app/+not-found.tsx
FN:6,NotFoundScreen
FNF:1
FNH:0
FNDA:0,NotFoundScreen
DA:7,0
DA:21,0
LF:2
LH:0
BRF:0
BRH:0
end_of_record
TN:
SF:app/_layout.tsx
FN:28,RootLayout
FN:34,(anonymous_1)
FN:38,(anonymous_2)
FN:55,RootLayoutNav
FNF:4
FNH:0
FNDA:0,RootLayout
FNDA:0,(anonymous_1)
FNDA:0,(anonymous_2)
FNDA:0,RootLayoutNav
DA:20,0
DA:26,0
DA:29,0
DA:34,0
DA:35,0
DA:38,0
DA:39,0
DA:40,0
DA:44,0
DA:45,0
DA:48,0
DA:56,0
DA:58,0
LF:13
LH:0
BRDA:35,0,0,0
BRDA:35,0,1,0
BRDA:39,1,0,0
BRDA:39,1,1,0
BRDA:44,2,0,0
BRDA:44,2,1,0
BRDA:59,3,0,0
BRDA:59,3,1,0
BRF:8
BRH:0
end_of_record
TN:
SF:app/modal.tsx
FN:7,ModalScreen
FNF:1
FNH:0
FNDA:0,ModalScreen
DA:8,0
DA:24,0
LF:2
LH:0
BRDA:19,0,0,0
BRDA:19,0,1,0
BRF:2
BRH:0
end_of_record
TN:
SF:app/(tabs)/_layout.tsx
FN:14,TabLayout
FN:63,(anonymous_1)
FN:72,(anonymous_2)
FN:75,(anonymous_3)
FN:92,(anonymous_4)
FN:110,(anonymous_5)
FNF:6
FNH:0
FNDA:0,TabLayout
FNDA:0,(anonymous_1)
FNDA:0,(anonymous_2)
FNDA:0,(anonymous_3)
FNDA:0,(anonymous_4)
FNDA:0,(anonymous_5)
DA:15,0
DA:17,0
DA:64,0
DA:73,0
DA:76,0
DA:93,0
DA:111,0
DA:125,0
LF:8
LH:0
BRDA:21,0,0,0
BRDA:21,0,1,0
BRDA:21,1,0,0
BRDA:21,1,1,0
BRDA:23,2,0,0
BRDA:23,2,1,0
BRDA:23,3,0,0
BRDA:23,3,1,0
BRDA:25,4,0,0
BRDA:25,4,1,0
BRDA:25,5,0,0
BRDA:25,5,1,0
BRDA:43,6,0,0
BRDA:43,6,1,0
BRDA:43,7,0,0
BRDA:43,7,1,0
BRDA:48,8,0,0
BRDA:48,8,1,0
BRDA:48,9,0,0
BRDA:48,9,1,0
BRDA:53,10,0,0
BRDA:53,10,1,0
BRDA:53,11,0,0
BRDA:53,11,1,0
BRDA:55,12,0,0
BRDA:55,12,1,0
BRDA:55,13,0,0
BRDA:55,13,1,0
BRDA:64,14,0,0
BRDA:64,14,1,0
BRDA:66,15,0,0
BRDA:66,15,1,0
BRDA:79,16,0,0
BRDA:79,16,1,0
BRDA:79,17,0,0
BRDA:79,17,1,0
BRDA:80,18,0,0
BRDA:80,18,1,0
BRDA:93,19,0,0
BRDA:93,19,1,0
BRDA:95,20,0,0
BRDA:95,20,1,0
BRDA:111,21,0,0
BRDA:111,21,1,0
BRDA:113,22,0,0
BRDA:113,22,1,0
BRF:46
BRH:0
end_of_record
TN:
SF:app/(tabs)/cart.tsx
FN:16,CartScreen
FN:33,(anonymous_1)
FN:36,(anonymous_2)
FN:38,(anonymous_3)
FN:52,(anonymous_4)
FN:55,(anonymous_5)
FN:60,(anonymous_6)
FN:67,(anonymous_7)
FN:68,(anonymous_8)
FN:85,(anonymous_9)
FN:86,(anonymous_10)
FN:99,(anonymous_11)
FN:105,(anonymous_12)
FN:105,(anonymous_13)
FN:108,(anonymous_14)
FN:114,(anonymous_15)
FN:115,(anonymous_16)
FN:124,(anonymous_17)
FN:130,(anonymous_18)
FN:136,(anonymous_19)
FN:145,(anonymous_20)
FN:152,(anonymous_21)
FN:158,(anonymous_22)
FN:162,(anonymous_23)
FN:183,(anonymous_24)
FN:192,(anonymous_25)
FN:196,(anonymous_26)
FN:208,(anonymous_27)
FN:210,(anonymous_28)
FN:232,(anonymous_29)
FN:290,(anonymous_30)
FN:313,(anonymous_31)
FN:314,(anonymous_32)
FN:321,(anonymous_33)
FN:322,(anonymous_34)
FN:353,(anonymous_35)
FN:384,(anonymous_36)
FN:388,(anonymous_37)
FN:389,(anonymous_38)
FN:408,(anonymous_39)
FN:412,(anonymous_40)
FN:428,(anonymous_41)
FN:450,(anonymous_42)
FN:457,(anonymous_43)
FN:548,(anonymous_44)
FN:556,(anonymous_45)
FNF:46
FNH:0
FNDA:0,CartScreen
FNDA:0,(anonymous_1)
FNDA:0,(anonymous_2)
FNDA:0,(anonymous_3)
FNDA:0,(anonymous_4)
FNDA:0,(anonymous_5)
FNDA:0,(anonymous_6)
FNDA:0,(anonymous_7)
FNDA:0,(anonymous_8)
FNDA:0,(anonymous_9)
FNDA:0,(anonymous_10)
FNDA:0,(anonymous_11)
FNDA:0,(anonymous_12)
FNDA:0,(anonymous_13)
FNDA:0,(anonymous_14)
FNDA:0,(anonymous_15)
FNDA:0,(anonymous_16)
FNDA:0,(anonymous_17)
FNDA:0,(anonymous_18)
FNDA:0,(anonymous_19)
FNDA:0,(anonymous_20)
FNDA:0,(anonymous_21)
FNDA:0,(anonymous_22)
FNDA:0,(anonymous_23)
FNDA:0,(anonymous_24)
FNDA:0,(anonymous_25)
FNDA:0,(anonymous_26)
FNDA:0,(anonymous_27)
FNDA:0,(anonymous_28)
FNDA:0,(anonymous_29)
FNDA:0,(anonymous_30)
FNDA:0,(anonymous_31)
FNDA:0,(anonymous_32)
FNDA:0,(anonymous_33)
FNDA:0,(anonymous_34)
FNDA:0,(anonymous_35)
FNDA:0,(anonymous_36)
FNDA:0,(anonymous_37)
FNDA:0,(anonymous_38)
FNDA:0,(anonymous_39)
FNDA:0,(anonymous_40)
FNDA:0,(anonymous_41)
FNDA:0,(anonymous_42)
FNDA:0,(anonymous_43)
FNDA:0,(anonymous_44)
FNDA:0,(anonymous_45)
DA:17,0
DA:18,0
DA:19,0
DA:20,0
DA:21,0
DA:22,0
DA:24,0
DA:33,0
DA:34,0
DA:35,0
DA:36,0
DA:37,0
DA:38,0
DA:39,0
DA:49,0
DA:52,0
DA:55,0
DA:56,0
DA:59,0
DA:60,0
DA:63,0
DA:64,0
DA:65,0
DA:67,0
DA:68,0
DA:69,0
DA:71,0
DA:73,0
DA:85,0
DA:86,0
DA:87,0
DA:88,0
DA:94,0
DA:99,0
DA:100,0
DA:105,0
DA:108,0
DA:109,0
DA:114,0
DA:115,0
DA:116,0
DA:117,0
DA:119,0
DA:124,0
DA:125,0
DA:126,0
DA:130,0
DA:131,0
DA:134,0
DA:135,0
DA:137,0
DA:143,0
DA:144,0
DA:145,0
DA:150,0
DA:151,0
DA:152,0
DA:157,0
DA:158,0
DA:162,0
DA:163,0
DA:165,0
DA:167,0
DA:168,0
DA:170,0
DA:171,0
DA:173,0
DA:174,0
DA:177,0
DA:180,0
DA:183,0
DA:184,0
DA:185,0
DA:186,0
DA:187,0
DA:188,0
DA:189,0
DA:192,0
DA:193,0
DA:196,0
DA:197,0
DA:208,0
DA:209,0
DA:217,0
DA:218,0
DA:224,0
DA:225,0
DA:231,0
DA:233,0
DA:234,0
DA:240,0
DA:241,0
DA:246,0
DA:290,0
DA:314,0
DA:322,0
DA:354,0
DA:355,0
DA:385,0
DA:389,0
DA:390,0
DA:409,0
DA:412,0
DA:428,0
DA:450,0
DA:457,0
DA:548,0
DA:556,0
DA:565,0
LF:109
LH:0
BRDA:35,0,0,0
BRDA:35,0,1,0
BRDA:35,1,0,0
BRDA:35,1,1,0
BRDA:37,2,0,0
BRDA:37,2,1,0
BRDA:37,3,0,0
BRDA:37,3,1,0
BRDA:63,4,0,0
BRDA:63,4,1,0
BRDA:69,5,0,0
BRDA:69,5,1,0
BRDA:87,6,0,0
BRDA:87,6,1,0
BRDA:116,7,0,0
BRDA:116,7,1,0
BRDA:134,8,0,0
BRDA:134,8,1,0
BRDA:137,9,0,0
BRDA:137,9,1,0
BRDA:143,10,0,0
BRDA:143,10,1,0
BRDA:150,11,0,0
BRDA:150,11,1,0
BRDA:157,12,0,0
BRDA:157,12,1,0
BRDA:165,13,0,0
BRDA:165,13,1,0
BRDA:165,13,2,0
BRDA:177,14,0,0
BRDA:177,14,1,0
BRDA:185,15,0,0
BRDA:185,15,1,0
BRDA:186,16,0,0
BRDA:186,16,1,0
BRDA:187,17,0,0
BRDA:187,17,1,0
BRDA:188,18,0,0
BRDA:188,18,1,0
BRDA:217,19,0,0
BRDA:217,19,1,0
BRDA:233,20,0,0
BRDA:233,20,1,0
BRDA:277,21,0,0
BRDA:277,21,1,0
BRDA:295,22,0,0
BRDA:295,22,1,0
BRDA:318,23,0,0
BRDA:318,23,1,0
BRDA:331,24,0,0
BRDA:331,24,1,0
BRDA:344,25,0,0
BRDA:344,25,1,0
BRDA:364,26,0,0
BRDA:364,26,1,0
BRDA:390,27,0,0
BRDA:390,27,1,0
BRDA:415,28,0,0
BRDA:415,28,1,0
BRDA:417,29,0,0
BRDA:417,29,1,0
BRDA:435,30,0,0
BRDA:435,30,1,0
BRDA:525,31,0,0
BRDA:525,31,1,0
BRDA:550,32,0,0
BRDA:550,32,1,0
BRF:67
BRH:0
end_of_record
TN:
SF:app/(tabs)/index.tsx
FN:106,DashboardScreen
FN:115,(anonymous_1)
FN:121,(anonymous_2)
FN:127,(anonymous_3)
FN:133,(anonymous_4)
FN:137,(anonymous_5)
FN:143,(anonymous_6)
FN:145,(anonymous_7)
FN:149,(anonymous_8)
FN:152,(anonymous_9)
FN:229,(anonymous_10)
FN:233,(anonymous_11)
FN:240,(anonymous_12)
FN:267,(anonymous_13)
FN:308,(anonymous_14)
FN:330,(anonymous_15)
FN:363,(anonymous_16)
FN:405,(anonymous_17)
FNF:18
FNH:0
FNDA:0,DashboardScreen
FNDA:0,(anonymous_1)
FNDA:0,(anonymous_2)
FNDA:0,(anonymous_3)
FNDA:0,(anonymous_4)
FNDA:0,(anonymous_5)
FNDA:0,(anonymous_6)
FNDA:0,(anonymous_7)
FNDA:0,(anonymous_8)
FNDA:0,(anonymous_9)
FNDA:0,(anonymous_10)
FNDA:0,(anonymous_11)
FNDA:0,(anonymous_12)
FNDA:0,(anonymous_13)
FNDA:0,(anonymous_14)
FNDA:0,(anonymous_15)
FNDA:0,(anonymous_16)
FNDA:0,(anonymous_17)
DA:9,0
DA:54,0
DA:89,0
DA:107,0
DA:108,0
DA:109,0
DA:110,0
DA:113,0
DA:115,0
DA:116,0
DA:117,0
DA:118,0
DA:121,0
DA:122,0
DA:123,0
DA:124,0
DA:127,0
DA:128,0
DA:129,0
DA:130,0
DA:133,0
DA:134,0
DA:135,0
DA:138,0
DA:143,0
DA:144,0
DA:145,0
DA:146,0
DA:149,0
DA:150,0
DA:151,0
DA:152,0
DA:157,0
DA:230,0
DA:231,0
DA:232,0
DA:233,0
DA:236,0
DA:240,0
DA:268,0
DA:269,0
DA:309,0
DA:331,0
DA:364,0
DA:405,0
DA:413,0
LF:46
LH:0
BRDA:134,0,0,0
BRDA:134,0,1,0
BRDA:134,1,0,0
BRDA:134,1,1,0
BRDA:144,2,0,0
BRDA:144,2,1,0
BRDA:144,3,0,0
BRDA:144,3,1,0
BRDA:144,3,2,0
BRDA:150,4,0,0
BRDA:150,4,1,0
BRDA:150,5,0,0
BRDA:150,5,1,0
BRDA:212,6,0,0
BRDA:212,6,1,0
BRDA:283,7,0,0
BRDA:283,7,1,0
BRF:17
BRH:0
end_of_record
TN:
SF:app/(tabs)/settings.tsx
FN:110,SettingsScreen
FN:113,(anonymous_1)
FN:114,(anonymous_2)
FN:115,(anonymous_3)
FN:163,(anonymous_4)
FN:180,(anonymous_5)
FN:193,(anonymous_6)
FN:218,(anonymous_7)
FNF:8
FNH:0
FNDA:0,SettingsScreen
FNDA:0,(anonymous_1)
FNDA:0,(anonymous_2)
FNDA:0,(anonymous_3)
FNDA:0,(anonymous_4)
FNDA:0,(anonymous_5)
FNDA:0,(anonymous_6)
FNDA:0,(anonymous_7)
DA:6,0
DA:41,0
DA:79,0
DA:111,0
DA:113,0
DA:114,0
DA:115,0
DA:116,0
DA:121,0
DA:164,0
DA:180,0
DA:194,0
DA:219,0
DA:272,0
LF:14
LH:0
BRDA:116,0,0,0
BRDA:116,0,1,0
BRDA:182,1,0,0
BRDA:182,1,1,0
BRF:4
BRH:0
end_of_record
TN:
SF:components/CartFilters.tsx
FN:31,CartFilters
FN:40,(anonymous_1)
FN:45,(anonymous_2)
FN:87,(anonymous_3)
FN:87,(anonymous_4)
FN:102,(anonymous_5)
FN:102,(anonymous_6)
FN:111,(anonymous_7)
FN:118,(anonymous_8)
FN:118,(anonymous_9)
FN:141,(anonymous_10)
FN:141,(anonymous_11)
FN:150,(anonymous_12)
FN:157,(anonymous_13)
FN:157,(anonymous_14)
FN:180,(anonymous_15)
FN:180,(anonymous_16)
FN:194,(anonymous_17)
FN:194,(anonymous_18)
FN:215,(anonymous_19)
FN:222,(anonymous_20)
FN:222,(anonymous_21)
FN:240,(anonymous_22)
FN:240,(anonymous_23)
FN:254,(anonymous_24)
FN:254,(anonymous_25)
FNF:26
FNH:0
FNDA:0,CartFilters
FNDA:0,(anonymous_1)
FNDA:0,(anonymous_2)
FNDA:0,(anonymous_3)
FNDA:0,(anonymous_4)
FNDA:0,(anonymous_5)
FNDA:0,(anonymous_6)
FNDA:0,(anonymous_7)
FNDA:0,(anonymous_8)
FNDA:0,(anonymous_9)
FNDA:0,(anonymous_10)
FNDA:0,(anonymous_11)
FNDA:0,(anonymous_12)
FNDA:0,(anonymous_13)
FNDA:0,(anonymous_14)
FNDA:0,(anonymous_15)
FNDA:0,(anonymous_16)
FNDA:0,(anonymous_17)
FNDA:0,(anonymous_18)
FNDA:0,(anonymous_19)
FNDA:0,(anonymous_20)
FNDA:0,(anonymous_21)
FNDA:0,(anonymous_22)
FNDA:0,(anonymous_23)
FNDA:0,(anonymous_24)
FNDA:0,(anonymous_25)
DA:38,0
DA:40,0
DA:41,0
DA:42,0
DA:45,0
DA:46,0
DA:54,0
DA:55,0
DA:58,0
DA:87,0
DA:102,0
DA:112,0
DA:118,0
DA:141,0
DA:151,0
DA:157,0
DA:180,0
DA:194,0
DA:216,0
DA:222,0
DA:240,0
DA:254,0
DA:279,0
LF:23
LH:0
BRDA:100,0,0,0
BRDA:100,0,1,0
BRDA:106,1,0,0
BRDA:106,1,1,0
BRDA:116,2,0,0
BRDA:116,2,1,0
BRDA:122,3,0,0
BRDA:122,3,1,0
BRDA:139,4,0,0
BRDA:139,4,1,0
BRDA:145,5,0,0
BRDA:145,5,1,0
BRDA:155,6,0,0
BRDA:155,6,1,0
BRDA:161,7,0,0
BRDA:161,7,1,0
BRDA:178,8,0,0
BRDA:178,8,1,0
BRDA:183,9,0,0
BRDA:183,9,1,0
BRDA:185,10,0,0
BRDA:185,10,1,0
BRDA:192,11,0,0
BRDA:192,11,1,0
BRDA:197,12,0,0
BRDA:197,12,1,0
BRDA:199,13,0,0
BRDA:199,13,1,0
BRDA:220,14,0,0
BRDA:220,14,1,0
BRDA:226,15,0,0
BRDA:226,15,1,0
BRDA:238,16,0,0
BRDA:238,16,1,0
BRDA:245,17,0,0
BRDA:245,17,1,0
BRDA:252,18,0,0
BRDA:252,18,1,0
BRDA:259,19,0,0
BRDA:259,19,1,0
BRF:40
BRH:0
end_of_record
TN:
SF:components/EditScreenInfo.tsx
FN:10,EditScreenInfo
FNF:1
FNH:0
FNDA:0,EditScreenInfo
DA:11,0
DA:55,0
LF:2
LH:0
BRF:0
BRH:0
end_of_record
TN:
SF:components/EmptyState.tsx
FN:58,EmptyState
FN:68,(anonymous_1)
FN:76,(anonymous_2)
FNF:3
FNH:0
FNDA:0,EmptyState
FNDA:0,(anonymous_1)
FNDA:0,(anonymous_2)
DA:6,0
DA:27,0
DA:44,0
DA:66,0
DA:68,0
DA:69,0
DA:76,0
DA:77,0
DA:79,0
DA:84,0
DA:89,0
DA:94,0
DA:101,0
DA:103,0
DA:159,0
LF:15
LH:0
BRDA:64,0,0,0
BRDA:77,1,0,0
BRDA:77,1,1,0
BRDA:77,1,2,0
BRDA:77,1,3,0
BRDA:137,2,0,0
BRDA:137,2,1,0
BRDA:137,2,2,0
BRF:8
BRH:0
end_of_record
TN:
SF:components/ExternalLink.tsx
FN:6,ExternalLink
FN:14,(anonymous_1)
FNF:2
FNH:0
FNDA:0,ExternalLink
FNDA:0,(anonymous_1)
DA:9,0
DA:15,0
DA:17,0
DA:19,0
LF:4
LH:0
BRDA:15,0,0,0
BRDA:15,0,1,0
BRF:2
BRH:0
end_of_record
TN:
SF:components/ListTemplatesModal.tsx
FN:383,ListTemplatesModal
FN:388,(anonymous_1)
FN:400,(anonymous_2)
FN:404,(anonymous_3)
FN:425,(anonymous_4)
FNF:5
FNH:0
FNDA:0,ListTemplatesModal
FNDA:0,(anonymous_1)
FNDA:0,(anonymous_2)
FNDA:0,(anonymous_3)
FNDA:0,(anonymous_4)
DA:27,0
DA:388,0
DA:389,0
DA:390,0
DA:393,0
DA:401,0
DA:404,0
DA:425,0
DA:441,0
LF:9
LH:0
BRF:0
BRH:0
end_of_record
TN:
SF:components/ModernButton.tsx
FN:26,ModernButton
FN:40,(anonymous_1)
FN:47,(anonymous_2)
FN:54,(anonymous_3)
FN:92,(anonymous_4)
FN:151,(anonymous_5)
FNF:6
FNH:0
FNDA:0,ModernButton
FNDA:0,(anonymous_1)
FNDA:0,(anonymous_2)
FNDA:0,(anonymous_3)
FNDA:0,(anonymous_4)
FNDA:0,(anonymous_5)
DA:38,0
DA:40,0
DA:41,0
DA:47,0
DA:48,0
DA:54,0
DA:55,0
DA:61,0
DA:63,0
DA:69,0
DA:75,0
DA:82,0
DA:88,0
DA:92,0
DA:93,0
DA:98,0
DA:100,0
DA:104,0
DA:106,0
DA:110,0
DA:112,0
DA:116,0
DA:118,0
DA:125,0
DA:127,0
DA:132,0
DA:137,0
DA:142,0
DA:147,0
DA:151,0
DA:152,0
DA:153,0
DA:160,0
DA:170,0
DA:188,0
DA:201,0
LF:36
LH:0
BRDA:29,0,0,0
BRDA:30,1,0,0
BRDA:32,2,0,0
BRDA:33,3,0,0
BRDA:34,4,0,0
BRDA:58,5,0,0
BRDA:58,5,1,0
BRDA:61,6,0,0
BRDA:61,6,1,0
BRDA:61,6,2,0
BRDA:61,6,3,0
BRDA:61,6,4,0
BRDA:98,7,0,0
BRDA:98,7,1,0
BRDA:98,7,2,0
BRDA:98,7,3,0
BRDA:125,8,0,0
BRDA:125,8,1,0
BRDA:125,8,2,0
BRDA:125,8,3,0
BRDA:125,8,4,0
BRDA:152,9,0,0
BRDA:152,9,1,0
BRDA:160,10,0,0
BRDA:160,10,1,0
BRDA:163,11,0,0
BRDA:163,11,1,0
BRDA:163,12,0,0
BRDA:163,12,1,0
BRDA:165,13,0,0
BRDA:165,13,1,0
BRDA:165,14,0,0
BRDA:165,14,1,0
BRDA:177,15,0,0
BRDA:177,15,1,0
BRDA:177,15,2,0
BRDA:181,16,0,0
BRDA:181,16,1,0
BRDA:181,16,2,0
BRDA:194,17,0,0
BRDA:194,17,1,0
BRF:41
BRH:0
end_of_record
TN:
SF:components/ShareListModal.tsx
FN:23,ShareListModal
FN:28,(anonymous_1)
FN:31,(anonymous_2)
FN:37,(anonymous_3)
FN:42,(anonymous_4)
FN:44,(anonymous_5)
FN:94,(anonymous_6)
FN:125,(anonymous_7)
FN:138,(anonymous_8)
FN:149,(anonymous_9)
FN:160,(anonymous_10)
FN:171,(anonymous_11)
FN:221,(anonymous_12)
FNF:13
FNH:0
FNDA:0,ShareListModal
FNDA:0,(anonymous_1)
FNDA:0,(anonymous_2)
FNDA:0,(anonymous_3)
FNDA:0,(anonymous_4)
FNDA:0,(anonymous_5)
FNDA:0,(anonymous_6)
FNDA:0,(anonymous_7)
FNDA:0,(anonymous_8)
FNDA:0,(anonymous_9)
FNDA:0,(anonymous_10)
FNDA:0,(anonymous_11)
FNDA:0,(anonymous_12)
DA:24,0
DA:25,0
DA:26,0
DA:27,0
DA:28,0
DA:31,0
DA:32,0
DA:33,0
DA:37,0
DA:42,0
DA:43,0
DA:44,0
DA:46,0
DA:48,0
DA:49,0
DA:50,0
DA:52,0
DA:56,0
DA:59,0
DA:60,0
DA:61,0
DA:63,0
DA:67,0
DA:70,0
DA:74,0
DA:78,0
DA:79,0
DA:84,0
DA:87,0
DA:88,0
DA:90,0
DA:94,0
DA:95,0
DA:97,0
DA:100,0
DA:125,0
DA:138,0
DA:149,0
DA:160,0
DA:171,0
DA:221,0
DA:242,0
LF:42
LH:0
BRDA:28,0,0,0
BRDA:28,0,1,0
BRDA:46,1,0,0
BRDA:46,1,1,0
BRDA:46,1,2,0
BRDA:46,1,3,0
BRDA:48,2,0,0
BRDA:48,2,1,0
BRDA:59,3,0,0
BRDA:59,3,1,0
BRDA:121,4,0,0
BRDA:121,4,1,0
BRDA:136,5,0,0
BRDA:136,5,1,0
BRDA:140,6,0,0
BRDA:140,6,1,0
BRDA:147,7,0,0
BRDA:147,7,1,0
BRDA:151,8,0,0
BRDA:151,8,1,0
BRDA:158,9,0,0
BRDA:158,9,1,0
BRDA:162,10,0,0
BRDA:162,10,1,0
BRDA:169,11,0,0
BRDA:169,11,1,0
BRDA:173,12,0,0
BRDA:173,12,1,0
BRDA:180,13,0,0
BRDA:180,13,1,0
BRDA:180,13,2,0
BRDA:183,14,0,0
BRDA:183,14,1,0
BRDA:187,15,0,0
BRDA:187,15,1,0
BRDA:188,16,0,0
BRDA:188,16,1,0
BRDA:189,17,0,0
BRDA:189,17,1,0
BRDA:190,18,0,0
BRDA:190,18,1,0
BRF:41
BRH:0
end_of_record
TN:
SF:components/ShoppingListFilters.tsx
FN:34,ShoppingListFilters
FN:43,(anonymous_1)
FN:48,(anonymous_2)
FN:63,(anonymous_3)
FN:64,(anonymous_4)
FN:67,(anonymous_5)
FN:72,(anonymous_6)
FN:74,(anonymous_7)
FN:110,(anonymous_8)
FN:110,(anonymous_9)
FN:125,(anonymous_10)
FN:125,(anonymous_11)
FN:134,(anonymous_12)
FN:141,(anonymous_13)
FN:141,(anonymous_14)
FN:164,(anonymous_15)
FN:164,(anonymous_16)
FN:173,(anonymous_17)
FN:180,(anonymous_18)
FN:180,(anonymous_19)
FN:203,(anonymous_20)
FN:217,(anonymous_21)
FN:230,(anonymous_22)
FN:237,(anonymous_23)
FN:259,(anonymous_24)
FN:259,(anonymous_25)
FN:273,(anonymous_26)
FN:273,(anonymous_27)
FN:295,(anonymous_28)
FN:302,(anonymous_29)
FN:302,(anonymous_30)
FN:320,(anonymous_31)
FN:320,(anonymous_32)
FN:334,(anonymous_33)
FN:334,(anonymous_34)
FNF:35
FNH:0
FNDA:0,ShoppingListFilters
FNDA:0,(anonymous_1)
FNDA:0,(anonymous_2)
FNDA:0,(anonymous_3)
FNDA:0,(anonymous_4)
FNDA:0,(anonymous_5)
FNDA:0,(anonymous_6)
FNDA:0,(anonymous_7)
FNDA:0,(anonymous_8)
FNDA:0,(anonymous_9)
FNDA:0,(anonymous_10)
FNDA:0,(anonymous_11)
FNDA:0,(anonymous_12)
FNDA:0,(anonymous_13)
FNDA:0,(anonymous_14)
FNDA:0,(anonymous_15)
FNDA:0,(anonymous_16)
FNDA:0,(anonymous_17)
FNDA:0,(anonymous_18)
FNDA:0,(anonymous_19)
FNDA:0,(anonymous_20)
FNDA:0,(anonymous_21)
FNDA:0,(anonymous_22)
FNDA:0,(anonymous_23)
FNDA:0,(anonymous_24)
FNDA:0,(anonymous_25)
FNDA:0,(anonymous_26)
FNDA:0,(anonymous_27)
FNDA:0,(anonymous_28)
FNDA:0,(anonymous_29)
FNDA:0,(anonymous_30)
FNDA:0,(anonymous_31)
FNDA:0,(anonymous_32)
FNDA:0,(anonymous_33)
FNDA:0,(anonymous_34)
DA:41,0
DA:43,0
DA:44,0
DA:45,0
DA:48,0
DA:49,0
DA:59,0
DA:60,0
DA:63,0
DA:64,0
DA:67,0
DA:72,0
DA:73,0
DA:74,0
DA:75,0
DA:76,0
DA:77,0
DA:81,0
DA:110,0
DA:125,0
DA:135,0
DA:141,0
DA:164,0
DA:174,0
DA:180,0
DA:203,0
DA:217,0
DA:231,0
DA:237,0
DA:259,0
DA:273,0
DA:296,0
DA:302,0
DA:320,0
DA:334,0
DA:359,0
LF:36
LH:0
BRDA:66,0,0,0
BRDA:66,0,1,0
BRDA:73,1,0,0
BRDA:73,1,1,0
BRDA:123,2,0,0
BRDA:123,2,1,0
BRDA:129,3,0,0
BRDA:129,3,1,0
BRDA:139,4,0,0
BRDA:139,4,1,0
BRDA:145,5,0,0
BRDA:145,5,1,0
BRDA:162,6,0,0
BRDA:162,6,1,0
BRDA:168,7,0,0
BRDA:168,7,1,0
BRDA:178,8,0,0
BRDA:178,8,1,0
BRDA:184,9,0,0
BRDA:184,9,1,0
BRDA:235,10,0,0
BRDA:235,10,1,0
BRDA:241,11,0,0
BRDA:241,11,1,0
BRDA:257,12,0,0
BRDA:257,12,1,0
BRDA:262,13,0,0
BRDA:262,13,1,0
BRDA:264,14,0,0
BRDA:264,14,1,0
BRDA:271,15,0,0
BRDA:271,15,1,0
BRDA:276,16,0,0
BRDA:276,16,1,0
BRDA:278,17,0,0
BRDA:278,17,1,0
BRDA:300,18,0,0
BRDA:300,18,1,0
BRDA:306,19,0,0
BRDA:306,19,1,0
BRDA:318,20,0,0
BRDA:318,20,1,0
BRDA:325,21,0,0
BRDA:325,21,1,0
BRDA:332,22,0,0
BRDA:332,22,1,0
BRDA:339,23,0,0
BRDA:339,23,1,0
BRF:48
BRH:0
end_of_record
TN:
SF:components/ShoppingListModal.tsx
FN:32,ShoppingListModal
FN:76,(anonymous_1)
FN:99,(anonymous_2)
FN:119,(anonymous_3)
FN:150,(anonymous_4)
FN:158,(anonymous_5)
FN:165,(anonymous_6)
FN:174,(anonymous_7)
FN:188,(anonymous_8)
FN:202,(anonymous_9)
FN:220,(anonymous_10)
FN:238,(anonymous_11)
FN:246,(anonymous_12)
FN:254,(anonymous_13)
FN:260,(anonymous_14)
FN:265,(anonymous_15)
FN:274,(anonymous_16)
FN:279,(anonymous_17)
FN:283,(anonymous_18)
FN:308,(anonymous_19)
FN:319,(anonymous_20)
FN:323,(anonymous_21)
FN:336,(anonymous_22)
FN:345,(anonymous_23)
FN:352,(anonymous_24)
FN:365,(anonymous_25)
FN:371,(anonymous_26)
FN:372,(anonymous_27)
FN:396,(anonymous_28)
FN:410,(anonymous_29)
FN:451,(anonymous_30)
FN:459,(anonymous_31)
FN:479,(anonymous_32)
FN:487,(anonymous_33)
FN:541,(anonymous_34)
FN:562,(anonymous_35)
FN:578,(anonymous_36)
FN:594,(anonymous_37)
FN:610,(anonymous_38)
FN:625,(anonymous_39)
FN:633,(anonymous_40)
FN:657,(anonymous_41)
FN:674,(anonymous_42)
FN:686,(anonymous_43)
FN:709,(anonymous_44)
FN:733,(anonymous_45)
FN:734,(anonymous_46)
FN:741,(anonymous_47)
FN:742,(anonymous_48)
FN:788,(anonymous_49)
FN:792,(anonymous_50)
FN:814,(anonymous_51)
FN:824,(anonymous_52)
FN:846,(anonymous_53)
FN:861,(anonymous_54)
FN:882,(anonymous_55)
FN:935,(anonymous_56)
FN:945,(anonymous_57)
FN:953,(anonymous_58)
FNF:59
FNH:0
FNDA:0,ShoppingListModal
FNDA:0,(anonymous_1)
FNDA:0,(anonymous_2)
FNDA:0,(anonymous_3)
FNDA:0,(anonymous_4)
FNDA:0,(anonymous_5)
FNDA:0,(anonymous_6)
FNDA:0,(anonymous_7)
FNDA:0,(anonymous_8)
FNDA:0,(anonymous_9)
FNDA:0,(anonymous_10)
FNDA:0,(anonymous_11)
FNDA:0,(anonymous_12)
FNDA:0,(anonymous_13)
FNDA:0,(anonymous_14)
FNDA:0,(anonymous_15)
FNDA:0,(anonymous_16)
FNDA:0,(anonymous_17)
FNDA:0,(anonymous_18)
FNDA:0,(anonymous_19)
FNDA:0,(anonymous_20)
FNDA:0,(anonymous_21)
FNDA:0,(anonymous_22)
FNDA:0,(anonymous_23)
FNDA:0,(anonymous_24)
FNDA:0,(anonymous_25)
FNDA:0,(anonymous_26)
FNDA:0,(anonymous_27)
FNDA:0,(anonymous_28)
FNDA:0,(anonymous_29)
FNDA:0,(anonymous_30)
FNDA:0,(anonymous_31)
FNDA:0,(anonymous_32)
FNDA:0,(anonymous_33)
FNDA:0,(anonymous_34)
FNDA:0,(anonymous_35)
FNDA:0,(anonymous_36)
FNDA:0,(anonymous_37)
FNDA:0,(anonymous_38)
FNDA:0,(anonymous_39)
FNDA:0,(anonymous_40)
FNDA:0,(anonymous_41)
FNDA:0,(anonymous_42)
FNDA:0,(anonymous_43)
FNDA:0,(anonymous_44)
FNDA:0,(anonymous_45)
FNDA:0,(anonymous_46)
FNDA:0,(anonymous_47)
FNDA:0,(anonymous_48)
FNDA:0,(anonymous_49)
FNDA:0,(anonymous_50)
FNDA:0,(anonymous_51)
FNDA:0,(anonymous_52)
FNDA:0,(anonymous_53)
FNDA:0,(anonymous_54)
FNDA:0,(anonymous_55)
FNDA:0,(anonymous_56)
FNDA:0,(anonymous_57)
FNDA:0,(anonymous_58)
DA:38,0
DA:39,0
DA:40,0
DA:43,0
DA:46,0
DA:49,0
DA:52,0
DA:53,0
DA:54,0
DA:55,0
DA:56,0
DA:65,0
DA:76,0
DA:77,0
DA:78,0
DA:79,0
DA:82,0
DA:95,0
DA:96,0
DA:99,0
DA:100,0
DA:102,0
DA:116,0
DA:119,0
DA:120,0
DA:121,0
DA:122,0
DA:125,0
DA:127,0
DA:139,0
DA:147,0
DA:150,0
DA:151,0
DA:152,0
DA:158,0
DA:159,0
DA:160,0
DA:166,0
DA:174,0
DA:175,0
DA:176,0
DA:178,0
DA:188,0
DA:189,0
DA:191,0
DA:199,0
DA:202,0
DA:203,0
DA:204,0
DA:211,0
DA:220,0
DA:221,0
DA:222,0
DA:223,0
DA:224,0
DA:225,0
DA:226,0
DA:234,0
DA:238,0
DA:239,0
DA:241,0
DA:244,0
DA:245,0
DA:247,0
DA:253,0
DA:254,0
DA:258,0
DA:259,0
DA:260,0
DA:265,0
DA:266,0
DA:267,0
DA:273,0
DA:274,0
DA:278,0
DA:279,0
DA:283,0
DA:284,0
DA:286,0
DA:288,0
DA:289,0
DA:291,0
DA:292,0
DA:294,0
DA:295,0
DA:297,0
DA:299,0
DA:302,0
DA:305,0
DA:308,0
DA:309,0
DA:310,0
DA:311,0
DA:312,0
DA:313,0
DA:314,0
DA:315,0
DA:316,0
DA:319,0
DA:320,0
DA:323,0
DA:324,0
DA:336,0
DA:337,0
DA:339,0
DA:345,0
DA:352,0
DA:360,0
DA:361,0
DA:365,0
DA:366,0
DA:367,0
DA:371,0
DA:372,0
DA:373,0
DA:375,0
DA:410,0
DA:452,0
DA:459,0
DA:480,0
DA:487,0
DA:541,0
DA:562,0
DA:579,0
DA:595,0
DA:611,0
DA:626,0
DA:633,0
DA:658,0
DA:675,0
DA:686,0
DA:709,0
DA:734,0
DA:742,0
DA:789,0
DA:792,0
DA:814,0
DA:824,0
DA:847,0
DA:862,0
DA:882,0
DA:935,0
DA:945,0
DA:953,0
DA:960,0
LF:145
LH:0
BRDA:39,0,0,0
BRDA:39,0,1,0
BRDA:41,1,0,0
BRDA:41,1,1,0
BRDA:44,2,0,0
BRDA:44,2,1,0
BRDA:47,3,0,0
BRDA:47,3,1,0
BRDA:50,4,0,0
BRDA:50,4,1,0
BRDA:77,5,0,0
BRDA:77,5,1,0
BRDA:89,6,0,0
BRDA:89,6,1,0
BRDA:100,7,0,0
BRDA:100,7,1,0
BRDA:100,8,0,0
BRDA:100,8,1,0
BRDA:110,9,0,0
BRDA:110,9,1,0
BRDA:120,10,0,0
BRDA:120,10,1,0
BRDA:125,11,0,0
BRDA:125,11,1,0
BRDA:151,12,0,0
BRDA:151,12,1,0
BRDA:159,13,0,0
BRDA:159,13,1,0
BRDA:175,14,0,0
BRDA:175,14,1,0
BRDA:176,15,0,0
BRDA:176,15,1,0
BRDA:189,16,0,0
BRDA:189,16,1,0
BRDA:197,17,0,0
BRDA:197,17,1,0
BRDA:203,18,0,0
BRDA:203,18,1,0
BRDA:239,19,0,0
BRDA:239,19,1,0
BRDA:244,20,0,0
BRDA:244,20,1,0
BRDA:247,21,0,0
BRDA:247,21,1,0
BRDA:253,22,0,0
BRDA:253,22,1,0
BRDA:258,23,0,0
BRDA:258,23,1,0
BRDA:268,24,0,0
BRDA:268,24,1,0
BRDA:273,25,0,0
BRDA:273,25,1,0
BRDA:278,26,0,0
BRDA:278,26,1,0
BRDA:286,27,0,0
BRDA:286,27,1,0
BRDA:286,27,2,0
BRDA:286,27,3,0
BRDA:302,28,0,0
BRDA:302,28,1,0
BRDA:310,29,0,0
BRDA:310,29,1,0
BRDA:311,30,0,0
BRDA:311,30,1,0
BRDA:312,31,0,0
BRDA:312,31,1,0
BRDA:313,32,0,0
BRDA:313,32,1,0
BRDA:313,33,0,0
BRDA:313,33,1,0
BRDA:314,34,0,0
BRDA:314,34,1,0
BRDA:315,35,0,0
BRDA:315,35,1,0
BRDA:337,36,0,0
BRDA:337,36,1,0
BRDA:371,37,0,0
BRDA:371,37,1,0
BRDA:372,38,0,0
BRDA:372,38,1,0
BRDA:373,39,0,0
BRDA:373,39,1,0
BRDA:389,40,0,0
BRDA:389,40,1,0
BRDA:391,41,0,0
BRDA:391,41,1,0
BRDA:395,42,0,0
BRDA:395,42,1,0
BRDA:403,43,0,0
BRDA:403,43,1,0
BRDA:403,43,2,0
BRDA:405,44,0,0
BRDA:405,44,1,0
BRDA:456,45,0,0
BRDA:456,45,1,0
BRDA:465,46,0,0
BRDA:465,46,1,0
BRDA:485,47,0,0
BRDA:485,47,1,0
BRDA:489,48,0,0
BRDA:489,48,1,0
BRDA:517,49,0,0
BRDA:517,49,1,0
BRDA:521,50,0,0
BRDA:521,50,1,0
BRDA:527,51,0,0
BRDA:527,51,1,0
BRDA:527,51,2,0
BRDA:546,52,0,0
BRDA:546,52,1,0
BRDA:551,53,0,0
BRDA:551,53,1,0
BRDA:569,54,0,0
BRDA:569,54,1,0
BRDA:597,55,0,0
BRDA:597,55,1,0
BRDA:630,56,0,0
BRDA:630,56,1,0
BRDA:638,57,0,0
BRDA:638,57,1,0
BRDA:660,58,0,0
BRDA:660,58,1,0
BRDA:714,59,0,0
BRDA:714,59,1,0
BRDA:738,60,0,0
BRDA:738,60,1,0
BRDA:751,61,0,0
BRDA:751,61,1,0
BRDA:763,62,0,0
BRDA:763,62,1,0
BRDA:771,63,0,0
BRDA:771,63,1,0
BRDA:795,64,0,0
BRDA:795,64,1,0
BRDA:797,65,0,0
BRDA:797,65,1,0
BRDA:806,66,0,0
BRDA:806,66,1,0
BRDA:837,67,0,0
BRDA:837,67,1,0
BRDA:897,68,0,0
BRDA:897,68,1,0
BRDA:905,69,0,0
BRDA:905,69,1,0
BRDA:911,70,0,0
BRDA:911,70,1,0
BRDA:942,71,0,0
BRDA:942,71,1,0
BRF:148
BRH:0
end_of_record
TN:
SF:components/Skeleton.tsx
FN:23,Skeleton
FN:32,(anonymous_1)
FN:48,(anonymous_2)
FN:73,(anonymous_3)
FN:88,(anonymous_4)
FN:90,(anonymous_5)
FN:103,(anonymous_6)
FN:105,(anonymous_7)
FNF:8
FNH:0
FNDA:0,Skeleton
FNDA:0,(anonymous_1)
FNDA:0,(anonymous_2)
FNDA:0,(anonymous_3)
FNDA:0,(anonymous_4)
FNDA:0,(anonymous_5)
FNDA:0,(anonymous_6)
FNDA:0,(anonymous_7)
DA:5,0
DA:30,0
DA:32,0
DA:33,0
DA:47,0
DA:48,0
DA:51,0
DA:56,0
DA:73,0
DA:74,0
DA:88,0
DA:89,0
DA:91,0
DA:103,0
DA:104,0
DA:106,0
DA:115,0
LF:17
LH:0
BRDA:24,0,0,0
BRDA:25,1,0,0
BRDA:26,2,0,0
BRDA:28,3,0,0
BRF:4
BRH:0
end_of_record
TN:
SF:components/StyledText.tsx
FN:3,MonoText
FNF:1
FNH:0
FNDA:0,MonoText
DA:4,0
LF:1
LH:0
BRF:0
BRH:0
end_of_record
TN:
SF:components/Themed.tsx
FN:19,useThemeColor
FN:33,Text
FN:40,View
FNF:3
FNH:0
FNDA:0,useThemeColor
FNDA:0,Text
FNDA:0,View
DA:23,0
DA:24,0
DA:26,0
DA:27,0
DA:29,0
DA:34,0
DA:35,0
DA:37,0
DA:41,0
DA:42,0
DA:47,0
LF:11
LH:0
BRDA:23,0,0,0
BRDA:23,0,1,0
BRDA:26,1,0,0
BRDA:26,1,1,0
BRF:4
BRH:0
end_of_record
TN:
SF:components/useClientOnlyValue.ts
FN:2,useClientOnlyValue
FNF:1
FNH:0
FNDA:0,useClientOnlyValue
DA:3,0
LF:1
LH:0
BRF:0
BRH:0
end_of_record
TN:
SF:components/useClientOnlyValue.web.ts
FN:5,useClientOnlyValue
FN:7,(anonymous_1)
FNF:2
FNH:0
FNDA:0,useClientOnlyValue
FNDA:0,(anonymous_1)
DA:6,0
DA:7,0
DA:8,0
DA:11,0
LF:4
LH:0
BRF:0
BRH:0
end_of_record
TN:
SF:components/useColorScheme.ts
FN:3,(anonymous_0)
FNF:1
FNH:0
FNDA:0,(anonymous_0)
DA:3,0
DA:4,0
DA:5,0
LF:3
LH:0
BRDA:5,0,0,0
BRDA:5,0,1,0
BRDA:5,1,0,0
BRDA:5,1,1,0
BRF:4
BRH:0
end_of_record
TN:
SF:components/useColorScheme.web.ts
FN:6,useColorScheme
FNF:1
FNH:0
FNDA:0,useColorScheme
DA:7,0
LF:1
LH:0
BRF:0
BRH:0
end_of_record
TN:
SF:context/ShoppingContext.tsx
FN:38,shoppingReducer
FN:56,(anonymous_1)
FN:70,(anonymous_2)
FN:86,(anonymous_3)
FN:100,(anonymous_4)
FN:104,(anonymous_5)
FN:116,(anonymous_6)
FN:130,(anonymous_7)
FN:134,(anonymous_8)
FN:142,(anonymous_9)
FN:152,(anonymous_10)
FN:156,(anonymous_11)
FN:168,(anonymous_12)
FN:201,ShoppingProvider
FN:211,useShopping
FNF:15
FNH:0
FNDA:0,shoppingReducer
FNDA:0,(anonymous_1)
FNDA:0,(anonymous_2)
FNDA:0,(anonymous_3)
FNDA:0,(anonymous_4)
FNDA:0,(anonymous_5)
FNDA:0,(anonymous_6)
FNDA:0,(anonymous_7)
FNDA:0,(anonymous_8)
FNDA:0,(anonymous_9)
FNDA:0,(anonymous_10)
FNDA:0,(anonymous_11)
FNDA:0,(anonymous_12)
FNDA:0,ShoppingProvider
FNDA:0,useShopping
DA:27,0
DA:39,0
DA:41,0
DA:47,0
DA:54,0
DA:57,0
DA:68,0
DA:70,0
DA:76,0
DA:79,0
DA:84,0
DA:87,0
DA:98,0
DA:101,0
DA:105,0
DA:117,0
DA:128,0
DA:131,0
DA:134,0
DA:142,0
DA:150,0
DA:153,0
DA:157,0
DA:169,0
DA:180,0
DA:186,0
DA:192,0
DA:196,0
DA:202,0
DA:204,0
DA:212,0
DA:213,0
DA:214,0
DA:216,0
LF:34
LH:0
BRDA:39,0,0,0
BRDA:39,0,1,0
BRDA:39,0,2,0
BRDA:39,0,3,0
BRDA:39,0,4,0
BRDA:39,0,5,0
BRDA:39,0,6,0
BRDA:39,0,7,0
BRDA:39,0,8,0
BRDA:39,0,9,0
BRDA:39,0,10,0
BRDA:57,1,0,0
BRDA:57,1,1,0
BRDA:61,2,0,0
BRDA:61,2,1,0
BRDA:71,3,0,0
BRDA:71,3,1,0
BRDA:87,4,0,0
BRDA:87,4,1,0
BRDA:91,5,0,0
BRDA:91,5,1,0
BRDA:101,6,0,0
BRDA:101,6,1,0
BRDA:105,7,0,0
BRDA:105,7,1,0
BRDA:113,8,0,0
BRDA:113,8,1,0
BRDA:117,9,0,0
BRDA:117,9,1,0
BRDA:131,10,0,0
BRDA:131,10,1,0
BRDA:139,11,0,0
BRDA:139,11,1,0
BRDA:153,12,0,0
BRDA:153,12,1,0
BRDA:157,13,0,0
BRDA:157,13,1,0
BRDA:165,14,0,0
BRDA:165,14,1,0
BRDA:169,15,0,0
BRDA:169,15,1,0
BRDA:213,16,0,0
BRDA:213,16,1,0
BRF:43
BRH:0
end_of_record
